CRITICAL - 2023-10-18 15:35:02 --> syntax error, unexpected '<', expecting end of file
in APPPATH\Views\login.php on line 62.
 1 SYSTEMPATH\View\View.php(229): CodeIgniter\View\View->CodeIgniter\View\{closure}()
 2 SYSTEMPATH\Common.php(1188): CodeIgniter\View\View->render('login', [], true)
 3 APPPATH\Controllers\Home.php(12): view('login')
 4 SYSTEMPATH\CodeIgniter.php(919): App\Controllers\Home->index()
 5 SYSTEMPATH\CodeIgniter.php(494): CodeIgniter\CodeIgniter->runController(Object(App\Controllers\Home))
 6 SYSTEMPATH\CodeIgniter.php(353): CodeIgniter\CodeIgniter->handleRequest(null, Object(Config\Cache), false)
 7 FCPATH\index.php(79): CodeIgniter\CodeIgniter->run()
 8 SYSTEMPATH\Commands\Server\rewrite.php(47): require_once('E:\\xampp\\htdocs\\saran\\public\\index.php')
CRITICAL - 2023-10-18 15:35:23 --> SQLSTATE[HY000] [1049] Unknown database 'sarans'
in APPPATH\Views\login.php on line 3.
 1 APPPATH\Views\login.php(3): PDO->__construct('mysql:host=localhost:3306;dbname=sarans', 'root', '')
 2 SYSTEMPATH\View\View.php(226): include('E:\\xampp\\htdocs\\saran\\app\\Views\\login.php')
 3 SYSTEMPATH\View\View.php(229): CodeIgniter\View\View->CodeIgniter\View\{closure}()
 4 SYSTEMPATH\Common.php(1188): CodeIgniter\View\View->render('login', [], true)
 5 APPPATH\Controllers\Home.php(12): view('login')
 6 SYSTEMPATH\CodeIgniter.php(919): App\Controllers\Home->index()
 7 SYSTEMPATH\CodeIgniter.php(494): CodeIgniter\CodeIgniter->runController(Object(App\Controllers\Home))
 8 SYSTEMPATH\CodeIgniter.php(353): CodeIgniter\CodeIgniter->handleRequest(null, Object(Config\Cache), false)
 9 FCPATH\index.php(79): CodeIgniter\CodeIgniter->run()
10 SYSTEMPATH\Commands\Server\rewrite.php(47): require_once('E:\\xampp\\htdocs\\saran\\public\\index.php')
CRITICAL - 2023-10-18 11:00:48 --> in_array() expects parameter 2 to be array, null given
in SYSTEMPATH\HTTP\SiteURIFactory.php on line 246.
 1 [internal function]: CodeIgniter\Debug\Exceptions->errorHandler(2, 'in_array() expects parameter 2 to be array, null given', 'E:\\xampp\\htdocs\\saran\\system\\HTTP\\SiteURIFactory.php', 246, [...])
 2 SYSTEMPATH\HTTP\SiteURIFactory.php(246): in_array('localhost', null, true)
 3 SYSTEMPATH\HTTP\SiteURIFactory.php(235): CodeIgniter\HTTP\SiteURIFactory->getValidHost('localhost')
 4 SYSTEMPATH\HTTP\SiteURIFactory.php(222): CodeIgniter\HTTP\SiteURIFactory->getHost()
 5 SYSTEMPATH\HTTP\SiteURIFactory.php(43): CodeIgniter\HTTP\SiteURIFactory->createURIFromRoutePath('/')
 6 SYSTEMPATH\Config\Services.php(798): CodeIgniter\HTTP\SiteURIFactory->createFromGlobals()
 7 SYSTEMPATH\Config\BaseService.php(258): CodeIgniter\Config\Services::uri(null, false)
 8 SYSTEMPATH\Config\BaseService.php(199): CodeIgniter\Config\BaseService::__callStatic('uri', [...])
 9 SYSTEMPATH\Config\Services.php(791): CodeIgniter\Config\BaseService::getSharedInstance('uri', null)
10 SYSTEMPATH\Config\BaseService.php(258): CodeIgniter\Config\Services::uri()
11 SYSTEMPATH\Config\Services.php(565): CodeIgniter\Config\BaseService::__callStatic('uri', [])
12 SYSTEMPATH\Config\Services.php(523): CodeIgniter\Config\Services::incomingrequest(Object(Config\App), false)
13 SYSTEMPATH\Config\BaseService.php(258): CodeIgniter\Config\Services::request(Object(Config\App), false)
14 SYSTEMPATH\Config\BaseService.php(199): CodeIgniter\Config\BaseService::__callStatic('request', [...])
15 SYSTEMPATH\Config\Services.php(558): CodeIgniter\Config\BaseService::getSharedInstance('request', Object(Config\App))
16 SYSTEMPATH\Config\BaseService.php(258): CodeIgniter\Config\Services::incomingrequest(Object(Config\App))
17 SYSTEMPATH\Config\Services.php(538): CodeIgniter\Config\BaseService::__callStatic('incomingrequest', [...])
18 SYSTEMPATH\Config\BaseService.php(258): CodeIgniter\Config\Services::createRequest(Object(Config\App))
19 SYSTEMPATH\CodeIgniter.php(639): CodeIgniter\Config\BaseService::__callStatic('createRequest', [...])
20 SYSTEMPATH\CodeIgniter.php(347): CodeIgniter\CodeIgniter->getRequestObject()
21 FCPATH\index.php(79): CodeIgniter\CodeIgniter->run()
22 SYSTEMPATH\Commands\Server\rewrite.php(47): require_once('E:\\xampp\\htdocs\\saran\\public\\index.php')
CRITICAL - 2023-10-18 11:00:48 --> Uncaught ErrorException: in_array() expects parameter 2 to be array, null given in E:\xampp\htdocs\saran\system\HTTP\SiteURIFactory.php:246
Stack trace:
#0 [internal function]: CodeIgniter\Debug\Exceptions->errorHandler(2, 'in_array() expe...', 'E:\\xampp\\htdocs...', 246, Array)
#1 E:\xampp\htdocs\saran\system\HTTP\SiteURIFactory.php(246): in_array('localhost', NULL, true)
#2 E:\xampp\htdocs\saran\system\HTTP\SiteURIFactory.php(235): CodeIgniter\HTTP\SiteURIFactory->getValidHost('localhost')
#3 E:\xampp\htdocs\saran\system\HTTP\SiteURIFactory.php(222): CodeIgniter\HTTP\SiteURIFactory->getHost()
#4 E:\xampp\htdocs\saran\system\HTTP\SiteURIFactory.php(43): CodeIgniter\HTTP\SiteURIFactory->createURIFromRoutePath('/')
#5 E:\xampp\htdocs\saran\system\Config\Services.php(798): CodeIgniter\HTTP\SiteURIFactory->createFromGlobals()
#6 E:\xampp\htdocs\saran\system\Config\BaseService.php(258): CodeIgniter\Config\Services::uri(NULL, false)
#7 E:\xampp\htdocs\saran\system\Config\BaseService.php(199): CodeIgniter\Config\B
【Previous Exception】
ErrorException
in_array() expects parameter 2 to be array, null given
#0 [internal function]: CodeIgniter\Debug\Exceptions->errorHandler(2, 'in_array() expe...', 'E:\\xampp\\htdocs...', 246, Array)
#1 E:\xampp\htdocs\saran\system\HTTP\SiteURIFactory.php(246): in_array('localhost', NULL, true)
#2 E:\xampp\htdocs\saran\system\HTTP\SiteURIFactory.php(235): CodeIgniter\HTTP\SiteURIFactory->getValidHost('localhost')
#3 E:\xampp\htdocs\saran\system\HTTP\SiteURIFactory.php(222): CodeIgniter\HTTP\SiteURIFactory->getHost()
#4 E:\xampp\htdocs\saran\system\HTTP\SiteURIFactory.php(43): CodeIgniter\HTTP\SiteURIFactory->createURIFromRoutePath('/')
#5 E:\xampp\htdocs\saran\system\Config\Services.php(798): CodeIgniter\HTTP\SiteURIFactory->createFromGlobals()
#6 E:\xampp\htdocs\saran\system\Config\BaseService.php(258): CodeIgniter\Config\Services::uri(NULL, false)
#7 E:\xampp\htdocs\saran\system\Config\BaseService.php(199): CodeIgniter\Config\BaseService::__callStatic('uri', Array)
#8 E:\xampp\htdocs\saran\system\Config\Services.php(791): CodeIgniter\Config\BaseService::getSharedInstance('uri', NULL)
#9 E:\xampp\htdocs\saran\system\Config\BaseService.php(258): CodeIgniter\Config\Services::uri()
#10 E:\xampp\htdocs\saran\system\Config\Services.php(565): CodeIgniter\Config\BaseService::__callStatic('uri', Array)
#11 E:\xampp\htdocs\saran\system\Config\Services.php(523): CodeIgniter\Config\Services::incomingrequest(Object(Config\App), false)
#12 E:\xampp\htdocs\saran\system\Config\BaseService.php(258): CodeIgniter\Config\Services::request(Object(Config\App), false)
#13 E:\xampp\htdocs\saran\system\Config\BaseService.php(199): CodeIgniter\Config\BaseService::__callStatic('request', Array)
#14 E:\xampp\htdocs\saran\system\Config\Services.php(558): CodeIgniter\Config\BaseService::getSharedInstance('request', Object(Config\App))
#15 E:\xampp\htdocs\saran\system\Config\BaseService.php(258): CodeIgniter\Config\Services::incomingrequest(Object(Config\App))
#16 E:\xampp\htdocs\saran\system\Config\Services.php(538): CodeIgniter\Config\BaseService::__callStatic('incomingrequest', Array)
#17 E:\xampp\htdocs\saran\system\Config\BaseService.php(258): CodeIgniter\Config\Services::createRequest(Object(Config\App))
#18 E:\xampp\htdocs\saran\system\CodeIgniter.php(639): CodeIgniter\Config\BaseService::__callStatic('createRequest', Array)
#19 E:\xampp\htdocs\saran\system\CodeIgniter.php(347): CodeIgniter\CodeIgniter->getRequestObject()
#20 E:\xampp\htdocs\saran\public\index.php(79): CodeIgniter\CodeIgniter->run()
#21 E:\xampp\htdocs\saran\system\Commands\Server\rewrite.php(47): require_once('E:\\xampp\\htdocs...')
#22 {main}
in SYSTEMPATH\HTTP\SiteURIFactory.php on line 246.
 1 [internal function]: CodeIgniter\Debug\Exceptions->shutdownHandler()
CRITICAL - 2023-10-18 11:00:57 --> in_array() expects parameter 2 to be array, null given
in SYSTEMPATH\HTTP\SiteURIFactory.php on line 246.
 1 [internal function]: CodeIgniter\Debug\Exceptions->errorHandler(2, 'in_array() expects parameter 2 to be array, null given', 'E:\\xampp\\htdocs\\saran\\system\\HTTP\\SiteURIFactory.php', 246, [...])
 2 SYSTEMPATH\HTTP\SiteURIFactory.php(246): in_array('localhost', null, true)
 3 SYSTEMPATH\HTTP\SiteURIFactory.php(235): CodeIgniter\HTTP\SiteURIFactory->getValidHost('localhost')
 4 SYSTEMPATH\HTTP\SiteURIFactory.php(222): CodeIgniter\HTTP\SiteURIFactory->getHost()
 5 SYSTEMPATH\HTTP\SiteURIFactory.php(43): CodeIgniter\HTTP\SiteURIFactory->createURIFromRoutePath('/')
 6 SYSTEMPATH\Config\Services.php(798): CodeIgniter\HTTP\SiteURIFactory->createFromGlobals()
 7 SYSTEMPATH\Config\BaseService.php(258): CodeIgniter\Config\Services::uri(null, false)
 8 SYSTEMPATH\Config\BaseService.php(199): CodeIgniter\Config\BaseService::__callStatic('uri', [...])
 9 SYSTEMPATH\Config\Services.php(791): CodeIgniter\Config\BaseService::getSharedInstance('uri', null)
10 SYSTEMPATH\Config\BaseService.php(258): CodeIgniter\Config\Services::uri()
11 SYSTEMPATH\Config\Services.php(565): CodeIgniter\Config\BaseService::__callStatic('uri', [])
12 SYSTEMPATH\Config\Services.php(523): CodeIgniter\Config\Services::incomingrequest(Object(Config\App), false)
13 SYSTEMPATH\Config\BaseService.php(258): CodeIgniter\Config\Services::request(Object(Config\App), false)
14 SYSTEMPATH\Config\BaseService.php(199): CodeIgniter\Config\BaseService::__callStatic('request', [...])
15 SYSTEMPATH\Config\Services.php(558): CodeIgniter\Config\BaseService::getSharedInstance('request', Object(Config\App))
16 SYSTEMPATH\Config\BaseService.php(258): CodeIgniter\Config\Services::incomingrequest(Object(Config\App))
17 SYSTEMPATH\Config\Services.php(538): CodeIgniter\Config\BaseService::__callStatic('incomingrequest', [...])
18 SYSTEMPATH\Config\BaseService.php(258): CodeIgniter\Config\Services::createRequest(Object(Config\App))
19 SYSTEMPATH\CodeIgniter.php(639): CodeIgniter\Config\BaseService::__callStatic('createRequest', [...])
20 SYSTEMPATH\CodeIgniter.php(347): CodeIgniter\CodeIgniter->getRequestObject()
21 FCPATH\index.php(79): CodeIgniter\CodeIgniter->run()
22 SYSTEMPATH\Commands\Server\rewrite.php(47): require_once('E:\\xampp\\htdocs\\saran\\public\\index.php')
CRITICAL - 2023-10-18 11:00:57 --> Uncaught ErrorException: in_array() expects parameter 2 to be array, null given in E:\xampp\htdocs\saran\system\HTTP\SiteURIFactory.php:246
Stack trace:
#0 [internal function]: CodeIgniter\Debug\Exceptions->errorHandler(2, 'in_array() expe...', 'E:\\xampp\\htdocs...', 246, Array)
#1 E:\xampp\htdocs\saran\system\HTTP\SiteURIFactory.php(246): in_array('localhost', NULL, true)
#2 E:\xampp\htdocs\saran\system\HTTP\SiteURIFactory.php(235): CodeIgniter\HTTP\SiteURIFactory->getValidHost('localhost')
#3 E:\xampp\htdocs\saran\system\HTTP\SiteURIFactory.php(222): CodeIgniter\HTTP\SiteURIFactory->getHost()
#4 E:\xampp\htdocs\saran\system\HTTP\SiteURIFactory.php(43): CodeIgniter\HTTP\SiteURIFactory->createURIFromRoutePath('/')
#5 E:\xampp\htdocs\saran\system\Config\Services.php(798): CodeIgniter\HTTP\SiteURIFactory->createFromGlobals()
#6 E:\xampp\htdocs\saran\system\Config\BaseService.php(258): CodeIgniter\Config\Services::uri(NULL, false)
#7 E:\xampp\htdocs\saran\system\Config\BaseService.php(199): CodeIgniter\Config\B
【Previous Exception】
ErrorException
in_array() expects parameter 2 to be array, null given
#0 [internal function]: CodeIgniter\Debug\Exceptions->errorHandler(2, 'in_array() expe...', 'E:\\xampp\\htdocs...', 246, Array)
#1 E:\xampp\htdocs\saran\system\HTTP\SiteURIFactory.php(246): in_array('localhost', NULL, true)
#2 E:\xampp\htdocs\saran\system\HTTP\SiteURIFactory.php(235): CodeIgniter\HTTP\SiteURIFactory->getValidHost('localhost')
#3 E:\xampp\htdocs\saran\system\HTTP\SiteURIFactory.php(222): CodeIgniter\HTTP\SiteURIFactory->getHost()
#4 E:\xampp\htdocs\saran\system\HTTP\SiteURIFactory.php(43): CodeIgniter\HTTP\SiteURIFactory->createURIFromRoutePath('/')
#5 E:\xampp\htdocs\saran\system\Config\Services.php(798): CodeIgniter\HTTP\SiteURIFactory->createFromGlobals()
#6 E:\xampp\htdocs\saran\system\Config\BaseService.php(258): CodeIgniter\Config\Services::uri(NULL, false)
#7 E:\xampp\htdocs\saran\system\Config\BaseService.php(199): CodeIgniter\Config\BaseService::__callStatic('uri', Array)
#8 E:\xampp\htdocs\saran\system\Config\Services.php(791): CodeIgniter\Config\BaseService::getSharedInstance('uri', NULL)
#9 E:\xampp\htdocs\saran\system\Config\BaseService.php(258): CodeIgniter\Config\Services::uri()
#10 E:\xampp\htdocs\saran\system\Config\Services.php(565): CodeIgniter\Config\BaseService::__callStatic('uri', Array)
#11 E:\xampp\htdocs\saran\system\Config\Services.php(523): CodeIgniter\Config\Services::incomingrequest(Object(Config\App), false)
#12 E:\xampp\htdocs\saran\system\Config\BaseService.php(258): CodeIgniter\Config\Services::request(Object(Config\App), false)
#13 E:\xampp\htdocs\saran\system\Config\BaseService.php(199): CodeIgniter\Config\BaseService::__callStatic('request', Array)
#14 E:\xampp\htdocs\saran\system\Config\Services.php(558): CodeIgniter\Config\BaseService::getSharedInstance('request', Object(Config\App))
#15 E:\xampp\htdocs\saran\system\Config\BaseService.php(258): CodeIgniter\Config\Services::incomingrequest(Object(Config\App))
#16 E:\xampp\htdocs\saran\system\Config\Services.php(538): CodeIgniter\Config\BaseService::__callStatic('incomingrequest', Array)
#17 E:\xampp\htdocs\saran\system\Config\BaseService.php(258): CodeIgniter\Config\Services::createRequest(Object(Config\App))
#18 E:\xampp\htdocs\saran\system\CodeIgniter.php(639): CodeIgniter\Config\BaseService::__callStatic('createRequest', Array)
#19 E:\xampp\htdocs\saran\system\CodeIgniter.php(347): CodeIgniter\CodeIgniter->getRequestObject()
#20 E:\xampp\htdocs\saran\public\index.php(79): CodeIgniter\CodeIgniter->run()
#21 E:\xampp\htdocs\saran\system\Commands\Server\rewrite.php(47): require_once('E:\\xampp\\htdocs...')
#22 {main}
in SYSTEMPATH\HTTP\SiteURIFactory.php on line 246.
 1 [internal function]: CodeIgniter\Debug\Exceptions->shutdownHandler()
CRITICAL - 2023-10-18 11:00:58 --> in_array() expects parameter 2 to be array, null given
in SYSTEMPATH\HTTP\SiteURIFactory.php on line 246.
 1 [internal function]: CodeIgniter\Debug\Exceptions->errorHandler(2, 'in_array() expects parameter 2 to be array, null given', 'E:\\xampp\\htdocs\\saran\\system\\HTTP\\SiteURIFactory.php', 246, [...])
 2 SYSTEMPATH\HTTP\SiteURIFactory.php(246): in_array('localhost', null, true)
 3 SYSTEMPATH\HTTP\SiteURIFactory.php(235): CodeIgniter\HTTP\SiteURIFactory->getValidHost('localhost')
 4 SYSTEMPATH\HTTP\SiteURIFactory.php(222): CodeIgniter\HTTP\SiteURIFactory->getHost()
 5 SYSTEMPATH\HTTP\SiteURIFactory.php(43): CodeIgniter\HTTP\SiteURIFactory->createURIFromRoutePath('/')
 6 SYSTEMPATH\Config\Services.php(798): CodeIgniter\HTTP\SiteURIFactory->createFromGlobals()
 7 SYSTEMPATH\Config\BaseService.php(258): CodeIgniter\Config\Services::uri(null, false)
 8 SYSTEMPATH\Config\BaseService.php(199): CodeIgniter\Config\BaseService::__callStatic('uri', [...])
 9 SYSTEMPATH\Config\Services.php(791): CodeIgniter\Config\BaseService::getSharedInstance('uri', null)
10 SYSTEMPATH\Config\BaseService.php(258): CodeIgniter\Config\Services::uri()
11 SYSTEMPATH\Config\Services.php(565): CodeIgniter\Config\BaseService::__callStatic('uri', [])
12 SYSTEMPATH\Config\Services.php(523): CodeIgniter\Config\Services::incomingrequest(Object(Config\App), false)
13 SYSTEMPATH\Config\BaseService.php(258): CodeIgniter\Config\Services::request(Object(Config\App), false)
14 SYSTEMPATH\Config\BaseService.php(199): CodeIgniter\Config\BaseService::__callStatic('request', [...])
15 SYSTEMPATH\Config\Services.php(558): CodeIgniter\Config\BaseService::getSharedInstance('request', Object(Config\App))
16 SYSTEMPATH\Config\BaseService.php(258): CodeIgniter\Config\Services::incomingrequest(Object(Config\App))
17 SYSTEMPATH\Config\Services.php(538): CodeIgniter\Config\BaseService::__callStatic('incomingrequest', [...])
18 SYSTEMPATH\Config\BaseService.php(258): CodeIgniter\Config\Services::createRequest(Object(Config\App))
19 SYSTEMPATH\CodeIgniter.php(639): CodeIgniter\Config\BaseService::__callStatic('createRequest', [...])
20 SYSTEMPATH\CodeIgniter.php(347): CodeIgniter\CodeIgniter->getRequestObject()
21 FCPATH\index.php(79): CodeIgniter\CodeIgniter->run()
22 SYSTEMPATH\Commands\Server\rewrite.php(47): require_once('E:\\xampp\\htdocs\\saran\\public\\index.php')
CRITICAL - 2023-10-18 11:00:58 --> Uncaught ErrorException: in_array() expects parameter 2 to be array, null given in E:\xampp\htdocs\saran\system\HTTP\SiteURIFactory.php:246
Stack trace:
#0 [internal function]: CodeIgniter\Debug\Exceptions->errorHandler(2, 'in_array() expe...', 'E:\\xampp\\htdocs...', 246, Array)
#1 E:\xampp\htdocs\saran\system\HTTP\SiteURIFactory.php(246): in_array('localhost', NULL, true)
#2 E:\xampp\htdocs\saran\system\HTTP\SiteURIFactory.php(235): CodeIgniter\HTTP\SiteURIFactory->getValidHost('localhost')
#3 E:\xampp\htdocs\saran\system\HTTP\SiteURIFactory.php(222): CodeIgniter\HTTP\SiteURIFactory->getHost()
#4 E:\xampp\htdocs\saran\system\HTTP\SiteURIFactory.php(43): CodeIgniter\HTTP\SiteURIFactory->createURIFromRoutePath('/')
#5 E:\xampp\htdocs\saran\system\Config\Services.php(798): CodeIgniter\HTTP\SiteURIFactory->createFromGlobals()
#6 E:\xampp\htdocs\saran\system\Config\BaseService.php(258): CodeIgniter\Config\Services::uri(NULL, false)
#7 E:\xampp\htdocs\saran\system\Config\BaseService.php(199): CodeIgniter\Config\B
【Previous Exception】
ErrorException
in_array() expects parameter 2 to be array, null given
#0 [internal function]: CodeIgniter\Debug\Exceptions->errorHandler(2, 'in_array() expe...', 'E:\\xampp\\htdocs...', 246, Array)
#1 E:\xampp\htdocs\saran\system\HTTP\SiteURIFactory.php(246): in_array('localhost', NULL, true)
#2 E:\xampp\htdocs\saran\system\HTTP\SiteURIFactory.php(235): CodeIgniter\HTTP\SiteURIFactory->getValidHost('localhost')
#3 E:\xampp\htdocs\saran\system\HTTP\SiteURIFactory.php(222): CodeIgniter\HTTP\SiteURIFactory->getHost()
#4 E:\xampp\htdocs\saran\system\HTTP\SiteURIFactory.php(43): CodeIgniter\HTTP\SiteURIFactory->createURIFromRoutePath('/')
#5 E:\xampp\htdocs\saran\system\Config\Services.php(798): CodeIgniter\HTTP\SiteURIFactory->createFromGlobals()
#6 E:\xampp\htdocs\saran\system\Config\BaseService.php(258): CodeIgniter\Config\Services::uri(NULL, false)
#7 E:\xampp\htdocs\saran\system\Config\BaseService.php(199): CodeIgniter\Config\BaseService::__callStatic('uri', Array)
#8 E:\xampp\htdocs\saran\system\Config\Services.php(791): CodeIgniter\Config\BaseService::getSharedInstance('uri', NULL)
#9 E:\xampp\htdocs\saran\system\Config\BaseService.php(258): CodeIgniter\Config\Services::uri()
#10 E:\xampp\htdocs\saran\system\Config\Services.php(565): CodeIgniter\Config\BaseService::__callStatic('uri', Array)
#11 E:\xampp\htdocs\saran\system\Config\Services.php(523): CodeIgniter\Config\Services::incomingrequest(Object(Config\App), false)
#12 E:\xampp\htdocs\saran\system\Config\BaseService.php(258): CodeIgniter\Config\Services::request(Object(Config\App), false)
#13 E:\xampp\htdocs\saran\system\Config\BaseService.php(199): CodeIgniter\Config\BaseService::__callStatic('request', Array)
#14 E:\xampp\htdocs\saran\system\Config\Services.php(558): CodeIgniter\Config\BaseService::getSharedInstance('request', Object(Config\App))
#15 E:\xampp\htdocs\saran\system\Config\BaseService.php(258): CodeIgniter\Config\Services::incomingrequest(Object(Config\App))
#16 E:\xampp\htdocs\saran\system\Config\Services.php(538): CodeIgniter\Config\BaseService::__callStatic('incomingrequest', Array)
#17 E:\xampp\htdocs\saran\system\Config\BaseService.php(258): CodeIgniter\Config\Services::createRequest(Object(Config\App))
#18 E:\xampp\htdocs\saran\system\CodeIgniter.php(639): CodeIgniter\Config\BaseService::__callStatic('createRequest', Array)
#19 E:\xampp\htdocs\saran\system\CodeIgniter.php(347): CodeIgniter\CodeIgniter->getRequestObject()
#20 E:\xampp\htdocs\saran\public\index.php(79): CodeIgniter\CodeIgniter->run()
#21 E:\xampp\htdocs\saran\system\Commands\Server\rewrite.php(47): require_once('E:\\xampp\\htdocs...')
#22 {main}
in SYSTEMPATH\HTTP\SiteURIFactory.php on line 246.
 1 [internal function]: CodeIgniter\Debug\Exceptions->shutdownHandler()
CRITICAL - 2023-10-18 16:05:40 --> Typed property CodeIgniter\HTTP\SiteURI::$indexPage must be string, null used
in SYSTEMPATH\HTTP\SiteURI.php on line 96.
 1 SYSTEMPATH\HTTP\SiteURIFactory.php(222): CodeIgniter\HTTP\SiteURI->__construct(Object(Config\App), '/', null)
 2 SYSTEMPATH\HTTP\SiteURIFactory.php(43): CodeIgniter\HTTP\SiteURIFactory->createURIFromRoutePath('/')
 3 SYSTEMPATH\Config\Services.php(798): CodeIgniter\HTTP\SiteURIFactory->createFromGlobals()
 4 SYSTEMPATH\Config\BaseService.php(258): CodeIgniter\Config\Services::uri(null, false)
 5 SYSTEMPATH\Config\BaseService.php(199): CodeIgniter\Config\BaseService::__callStatic('uri', [...])
 6 SYSTEMPATH\Config\Services.php(791): CodeIgniter\Config\BaseService::getSharedInstance('uri', null)
 7 SYSTEMPATH\Config\BaseService.php(258): CodeIgniter\Config\Services::uri()
 8 SYSTEMPATH\Config\Services.php(565): CodeIgniter\Config\BaseService::__callStatic('uri', [])
 9 SYSTEMPATH\Config\Services.php(523): CodeIgniter\Config\Services::incomingrequest(Object(Config\App), false)
10 SYSTEMPATH\Config\BaseService.php(258): CodeIgniter\Config\Services::request(Object(Config\App), false)
11 SYSTEMPATH\Config\BaseService.php(199): CodeIgniter\Config\BaseService::__callStatic('request', [...])
12 SYSTEMPATH\Config\Services.php(558): CodeIgniter\Config\BaseService::getSharedInstance('request', Object(Config\App))
13 SYSTEMPATH\Config\BaseService.php(258): CodeIgniter\Config\Services::incomingrequest(Object(Config\App))
14 SYSTEMPATH\Config\Services.php(538): CodeIgniter\Config\BaseService::__callStatic('incomingrequest', [...])
15 SYSTEMPATH\Config\BaseService.php(258): CodeIgniter\Config\Services::createRequest(Object(Config\App))
16 SYSTEMPATH\CodeIgniter.php(639): CodeIgniter\Config\BaseService::__callStatic('createRequest', [...])
17 SYSTEMPATH\CodeIgniter.php(347): CodeIgniter\CodeIgniter->getRequestObject()
18 FCPATH\index.php(79): CodeIgniter\CodeIgniter->run()
19 SYSTEMPATH\Commands\Server\rewrite.php(47): require_once('E:\\xampp\\htdocs\\saran\\public\\index.php')
CRITICAL - 2023-10-18 16:05:40 --> Uncaught TypeError: Typed property CodeIgniter\HTTP\SiteURI::$indexPage must be string, null used in E:\xampp\htdocs\saran\system\HTTP\SiteURI.php:96
Stack trace:
#0 E:\xampp\htdocs\saran\system\HTTP\SiteURIFactory.php(222): CodeIgniter\HTTP\SiteURI->__construct(Object(Config\App), '/', NULL)
#1 E:\xampp\htdocs\saran\system\HTTP\SiteURIFactory.php(43): CodeIgniter\HTTP\SiteURIFactory->createURIFromRoutePath('/')
#2 E:\xampp\htdocs\saran\system\Config\Services.php(798): CodeIgniter\HTTP\SiteURIFactory->createFromGlobals()
#3 E:\xampp\htdocs\saran\system\Config\BaseService.php(258): CodeIgniter\Config\Services::uri(NULL, false)
#4 E:\xampp\htdocs\saran\system\Config\BaseService.php(199): CodeIgniter\Config\BaseService::__callStatic('uri', Array)
#5 E:\xampp\htdocs\saran\system\Config\Services.php(791): CodeIgniter\Config\BaseService::getSharedInstance('uri', NULL)
#6 E:\xampp\htdocs\saran\system\Config\BaseService.php(258): CodeIgniter\Config\Services::uri()
#7 E:\xampp\htdocs\saran\system\Config\Services.php(5
【Previous Exception】
TypeError
Typed property CodeIgniter\HTTP\SiteURI::$indexPage must be string, null used
#0 E:\xampp\htdocs\saran\system\HTTP\SiteURIFactory.php(222): CodeIgniter\HTTP\SiteURI->__construct(Object(Config\App), '/', NULL)
#1 E:\xampp\htdocs\saran\system\HTTP\SiteURIFactory.php(43): CodeIgniter\HTTP\SiteURIFactory->createURIFromRoutePath('/')
#2 E:\xampp\htdocs\saran\system\Config\Services.php(798): CodeIgniter\HTTP\SiteURIFactory->createFromGlobals()
#3 E:\xampp\htdocs\saran\system\Config\BaseService.php(258): CodeIgniter\Config\Services::uri(NULL, false)
#4 E:\xampp\htdocs\saran\system\Config\BaseService.php(199): CodeIgniter\Config\BaseService::__callStatic('uri', Array)
#5 E:\xampp\htdocs\saran\system\Config\Services.php(791): CodeIgniter\Config\BaseService::getSharedInstance('uri', NULL)
#6 E:\xampp\htdocs\saran\system\Config\BaseService.php(258): CodeIgniter\Config\Services::uri()
#7 E:\xampp\htdocs\saran\system\Config\Services.php(565): CodeIgniter\Config\BaseService::__callStatic('uri', Array)
#8 E:\xampp\htdocs\saran\system\Config\Services.php(523): CodeIgniter\Config\Services::incomingrequest(Object(Config\App), false)
#9 E:\xampp\htdocs\saran\system\Config\BaseService.php(258): CodeIgniter\Config\Services::request(Object(Config\App), false)
#10 E:\xampp\htdocs\saran\system\Config\BaseService.php(199): CodeIgniter\Config\BaseService::__callStatic('request', Array)
#11 E:\xampp\htdocs\saran\system\Config\Services.php(558): CodeIgniter\Config\BaseService::getSharedInstance('request', Object(Config\App))
#12 E:\xampp\htdocs\saran\system\Config\BaseService.php(258): CodeIgniter\Config\Services::incomingrequest(Object(Config\App))
#13 E:\xampp\htdocs\saran\system\Config\Services.php(538): CodeIgniter\Config\BaseService::__callStatic('incomingrequest', Array)
#14 E:\xampp\htdocs\saran\system\Config\BaseService.php(258): CodeIgniter\Config\Services::createRequest(Object(Config\App))
#15 E:\xampp\htdocs\saran\system\CodeIgniter.php(639): CodeIgniter\Config\BaseService::__callStatic('createRequest', Array)
#16 E:\xampp\htdocs\saran\system\CodeIgniter.php(347): CodeIgniter\CodeIgniter->getRequestObject()
#17 E:\xampp\htdocs\saran\public\index.php(79): CodeIgniter\CodeIgniter->run()
#18 E:\xampp\htdocs\saran\system\Commands\Server\rewrite.php(47): require_once('E:\\xampp\\htdocs...')
#19 {main}
in SYSTEMPATH\HTTP\SiteURI.php on line 96.
 1 [internal function]: CodeIgniter\Debug\Exceptions->shutdownHandler()
CRITICAL - 2023-10-18 16:05:41 --> Typed property CodeIgniter\HTTP\SiteURI::$indexPage must be string, null used
in SYSTEMPATH\HTTP\SiteURI.php on line 96.
 1 SYSTEMPATH\HTTP\SiteURIFactory.php(222): CodeIgniter\HTTP\SiteURI->__construct(Object(Config\App), '/', null)
 2 SYSTEMPATH\HTTP\SiteURIFactory.php(43): CodeIgniter\HTTP\SiteURIFactory->createURIFromRoutePath('/')
 3 SYSTEMPATH\Config\Services.php(798): CodeIgniter\HTTP\SiteURIFactory->createFromGlobals()
 4 SYSTEMPATH\Config\BaseService.php(258): CodeIgniter\Config\Services::uri(null, false)
 5 SYSTEMPATH\Config\BaseService.php(199): CodeIgniter\Config\BaseService::__callStatic('uri', [...])
 6 SYSTEMPATH\Config\Services.php(791): CodeIgniter\Config\BaseService::getSharedInstance('uri', null)
 7 SYSTEMPATH\Config\BaseService.php(258): CodeIgniter\Config\Services::uri()
 8 SYSTEMPATH\Config\Services.php(565): CodeIgniter\Config\BaseService::__callStatic('uri', [])
 9 SYSTEMPATH\Config\Services.php(523): CodeIgniter\Config\Services::incomingrequest(Object(Config\App), false)
10 SYSTEMPATH\Config\BaseService.php(258): CodeIgniter\Config\Services::request(Object(Config\App), false)
11 SYSTEMPATH\Config\BaseService.php(199): CodeIgniter\Config\BaseService::__callStatic('request', [...])
12 SYSTEMPATH\Config\Services.php(558): CodeIgniter\Config\BaseService::getSharedInstance('request', Object(Config\App))
13 SYSTEMPATH\Config\BaseService.php(258): CodeIgniter\Config\Services::incomingrequest(Object(Config\App))
14 SYSTEMPATH\Config\Services.php(538): CodeIgniter\Config\BaseService::__callStatic('incomingrequest', [...])
15 SYSTEMPATH\Config\BaseService.php(258): CodeIgniter\Config\Services::createRequest(Object(Config\App))
16 SYSTEMPATH\CodeIgniter.php(639): CodeIgniter\Config\BaseService::__callStatic('createRequest', [...])
17 SYSTEMPATH\CodeIgniter.php(347): CodeIgniter\CodeIgniter->getRequestObject()
18 FCPATH\index.php(79): CodeIgniter\CodeIgniter->run()
19 SYSTEMPATH\Commands\Server\rewrite.php(47): require_once('E:\\xampp\\htdocs\\saran\\public\\index.php')
CRITICAL - 2023-10-18 16:05:41 --> Uncaught TypeError: Typed property CodeIgniter\HTTP\SiteURI::$indexPage must be string, null used in E:\xampp\htdocs\saran\system\HTTP\SiteURI.php:96
Stack trace:
#0 E:\xampp\htdocs\saran\system\HTTP\SiteURIFactory.php(222): CodeIgniter\HTTP\SiteURI->__construct(Object(Config\App), '/', NULL)
#1 E:\xampp\htdocs\saran\system\HTTP\SiteURIFactory.php(43): CodeIgniter\HTTP\SiteURIFactory->createURIFromRoutePath('/')
#2 E:\xampp\htdocs\saran\system\Config\Services.php(798): CodeIgniter\HTTP\SiteURIFactory->createFromGlobals()
#3 E:\xampp\htdocs\saran\system\Config\BaseService.php(258): CodeIgniter\Config\Services::uri(NULL, false)
#4 E:\xampp\htdocs\saran\system\Config\BaseService.php(199): CodeIgniter\Config\BaseService::__callStatic('uri', Array)
#5 E:\xampp\htdocs\saran\system\Config\Services.php(791): CodeIgniter\Config\BaseService::getSharedInstance('uri', NULL)
#6 E:\xampp\htdocs\saran\system\Config\BaseService.php(258): CodeIgniter\Config\Services::uri()
#7 E:\xampp\htdocs\saran\system\Config\Services.php(5
【Previous Exception】
TypeError
Typed property CodeIgniter\HTTP\SiteURI::$indexPage must be string, null used
#0 E:\xampp\htdocs\saran\system\HTTP\SiteURIFactory.php(222): CodeIgniter\HTTP\SiteURI->__construct(Object(Config\App), '/', NULL)
#1 E:\xampp\htdocs\saran\system\HTTP\SiteURIFactory.php(43): CodeIgniter\HTTP\SiteURIFactory->createURIFromRoutePath('/')
#2 E:\xampp\htdocs\saran\system\Config\Services.php(798): CodeIgniter\HTTP\SiteURIFactory->createFromGlobals()
#3 E:\xampp\htdocs\saran\system\Config\BaseService.php(258): CodeIgniter\Config\Services::uri(NULL, false)
#4 E:\xampp\htdocs\saran\system\Config\BaseService.php(199): CodeIgniter\Config\BaseService::__callStatic('uri', Array)
#5 E:\xampp\htdocs\saran\system\Config\Services.php(791): CodeIgniter\Config\BaseService::getSharedInstance('uri', NULL)
#6 E:\xampp\htdocs\saran\system\Config\BaseService.php(258): CodeIgniter\Config\Services::uri()
#7 E:\xampp\htdocs\saran\system\Config\Services.php(565): CodeIgniter\Config\BaseService::__callStatic('uri', Array)
#8 E:\xampp\htdocs\saran\system\Config\Services.php(523): CodeIgniter\Config\Services::incomingrequest(Object(Config\App), false)
#9 E:\xampp\htdocs\saran\system\Config\BaseService.php(258): CodeIgniter\Config\Services::request(Object(Config\App), false)
#10 E:\xampp\htdocs\saran\system\Config\BaseService.php(199): CodeIgniter\Config\BaseService::__callStatic('request', Array)
#11 E:\xampp\htdocs\saran\system\Config\Services.php(558): CodeIgniter\Config\BaseService::getSharedInstance('request', Object(Config\App))
#12 E:\xampp\htdocs\saran\system\Config\BaseService.php(258): CodeIgniter\Config\Services::incomingrequest(Object(Config\App))
#13 E:\xampp\htdocs\saran\system\Config\Services.php(538): CodeIgniter\Config\BaseService::__callStatic('incomingrequest', Array)
#14 E:\xampp\htdocs\saran\system\Config\BaseService.php(258): CodeIgniter\Config\Services::createRequest(Object(Config\App))
#15 E:\xampp\htdocs\saran\system\CodeIgniter.php(639): CodeIgniter\Config\BaseService::__callStatic('createRequest', Array)
#16 E:\xampp\htdocs\saran\system\CodeIgniter.php(347): CodeIgniter\CodeIgniter->getRequestObject()
#17 E:\xampp\htdocs\saran\public\index.php(79): CodeIgniter\CodeIgniter->run()
#18 E:\xampp\htdocs\saran\system\Commands\Server\rewrite.php(47): require_once('E:\\xampp\\htdocs...')
#19 {main}
in SYSTEMPATH\HTTP\SiteURI.php on line 96.
 1 [internal function]: CodeIgniter\Debug\Exceptions->shutdownHandler()
ERROR - 2023-10-18 16:22:31 --> mysqli_sql_exception: Unknown column 'user.id_puser' in 'on clause' in E:\xampp\htdocs\saran\system\Database\MySQLi\Connection.php:306
Stack trace:
#0 E:\xampp\htdocs\saran\system\Database\MySQLi\Connection.php(306): mysqli->query('SELECT *\nFROM `...', 0)
#1 E:\xampp\htdocs\saran\system\Database\BaseConnection.php(692): CodeIgniter\Database\MySQLi\Connection->execute('SELECT *\nFROM `...')
#2 E:\xampp\htdocs\saran\system\Database\BaseConnection.php(606): CodeIgniter\Database\BaseConnection->simpleQuery('SELECT *\nFROM `...')
#3 E:\xampp\htdocs\saran\system\Database\BaseBuilder.php(1615): CodeIgniter\Database\BaseConnection->query('SELECT *\nFROM `...', Array, false)
#4 E:\xampp\htdocs\saran\app\Models\M_Model.php(41): CodeIgniter\Database\BaseBuilder->get()
#5 E:\xampp\htdocs\saran\app\Controllers\Home.php(26): App\Models\M_model->join2('data_murid', 'user', 'data_murid.user...')
#6 E:\xampp\htdocs\saran\system\CodeIgniter.php(919): App\Controllers\Home->murid()
#7 E:\xampp\htdocs\saran\system\CodeIgniter.php(494): CodeIgniter\CodeIgniter->runController(Object(App\Controllers\Home))
#8 E:\xampp\htdocs\saran\system\CodeIgniter.php(353): CodeIgniter\CodeIgniter->handleRequest(NULL, Object(Config\Cache), false)
#9 E:\xampp\htdocs\saran\public\index.php(79): CodeIgniter\CodeIgniter->run()
#10 E:\xampp\htdocs\saran\system\Commands\Server\rewrite.php(47): require_once('E:\\xampp\\htdocs...')
#11 {main}
CRITICAL - 2023-10-18 16:22:31 --> Call to a member function getResult() on bool
in APPPATH\Models\M_Model.php on line 41.
 1 APPPATH\Controllers\Home.php(26): App\Models\M_model->join2('data_murid', 'user', 'data_murid.user=user.id_puser')
 2 SYSTEMPATH\CodeIgniter.php(919): App\Controllers\Home->murid()
 3 SYSTEMPATH\CodeIgniter.php(494): CodeIgniter\CodeIgniter->runController(Object(App\Controllers\Home))
 4 SYSTEMPATH\CodeIgniter.php(353): CodeIgniter\CodeIgniter->handleRequest(null, Object(Config\Cache), false)
 5 FCPATH\index.php(79): CodeIgniter\CodeIgniter->run()
 6 SYSTEMPATH\Commands\Server\rewrite.php(47): require_once('E:\\xampp\\htdocs\\saran\\public\\index.php')
CRITICAL - 2023-10-18 16:22:42 --> Too few arguments to function App\Models\M_model::join3(), 3 passed in E:\xampp\htdocs\saran\app\Controllers\Home.php on line 26 and exactly 5 expected
in APPPATH\Models\M_Model.php on line 44.
 1 APPPATH\Controllers\Home.php(26): App\Models\M_model->join3('data_murid', 'user', 'data_murid.user=user.id_puser')
 2 SYSTEMPATH\CodeIgniter.php(919): App\Controllers\Home->murid()
 3 SYSTEMPATH\CodeIgniter.php(494): CodeIgniter\CodeIgniter->runController(Object(App\Controllers\Home))
 4 SYSTEMPATH\CodeIgniter.php(353): CodeIgniter\CodeIgniter->handleRequest(null, Object(Config\Cache), false)
 5 FCPATH\index.php(79): CodeIgniter\CodeIgniter->run()
 6 SYSTEMPATH\Commands\Server\rewrite.php(47): require_once('E:\\xampp\\htdocs\\saran\\public\\index.php')
ERROR - 2023-10-18 16:22:50 --> mysqli_sql_exception: Unknown column 'user.id_puser' in 'on clause' in E:\xampp\htdocs\saran\system\Database\MySQLi\Connection.php:306
Stack trace:
#0 E:\xampp\htdocs\saran\system\Database\MySQLi\Connection.php(306): mysqli->query('SELECT *\nFROM `...', 0)
#1 E:\xampp\htdocs\saran\system\Database\BaseConnection.php(692): CodeIgniter\Database\MySQLi\Connection->execute('SELECT *\nFROM `...')
#2 E:\xampp\htdocs\saran\system\Database\BaseConnection.php(606): CodeIgniter\Database\BaseConnection->simpleQuery('SELECT *\nFROM `...')
#3 E:\xampp\htdocs\saran\system\Database\BaseBuilder.php(1615): CodeIgniter\Database\BaseConnection->query('SELECT *\nFROM `...', Array, false)
#4 E:\xampp\htdocs\saran\app\Models\M_Model.php(41): CodeIgniter\Database\BaseBuilder->get()
#5 E:\xampp\htdocs\saran\app\Controllers\Home.php(26): App\Models\M_model->join2('data_murid', 'user', 'data_murid.user...')
#6 E:\xampp\htdocs\saran\system\CodeIgniter.php(919): App\Controllers\Home->murid()
#7 E:\xampp\htdocs\saran\system\CodeIgniter.php(494): CodeIgniter\CodeIgniter->runController(Object(App\Controllers\Home))
#8 E:\xampp\htdocs\saran\system\CodeIgniter.php(353): CodeIgniter\CodeIgniter->handleRequest(NULL, Object(Config\Cache), false)
#9 E:\xampp\htdocs\saran\public\index.php(79): CodeIgniter\CodeIgniter->run()
#10 E:\xampp\htdocs\saran\system\Commands\Server\rewrite.php(47): require_once('E:\\xampp\\htdocs...')
#11 {main}
CRITICAL - 2023-10-18 16:22:50 --> Call to a member function getResult() on bool
in APPPATH\Models\M_Model.php on line 41.
 1 APPPATH\Controllers\Home.php(26): App\Models\M_model->join2('data_murid', 'user', 'data_murid.user=user.id_puser')
 2 SYSTEMPATH\CodeIgniter.php(919): App\Controllers\Home->murid()
 3 SYSTEMPATH\CodeIgniter.php(494): CodeIgniter\CodeIgniter->runController(Object(App\Controllers\Home))
 4 SYSTEMPATH\CodeIgniter.php(353): CodeIgniter\CodeIgniter->handleRequest(null, Object(Config\Cache), false)
 5 FCPATH\index.php(79): CodeIgniter\CodeIgniter->run()
 6 SYSTEMPATH\Commands\Server\rewrite.php(47): require_once('E:\\xampp\\htdocs\\saran\\public\\index.php')
CRITICAL - 2023-10-18 16:23:19 --> Invalid file: "menuutama.php"
in SYSTEMPATH\Exceptions\FrameworkException.php on line 39.
 1 SYSTEMPATH\View\View.php(214): CodeIgniter\Exceptions\FrameworkException::forInvalidFile('menuutama.php')
 2 SYSTEMPATH\Common.php(1188): CodeIgniter\View\View->render('menuutama', [], true)
 3 APPPATH\Controllers\Home.php(29): view('menuutama')
 4 SYSTEMPATH\CodeIgniter.php(919): App\Controllers\Home->murid()
 5 SYSTEMPATH\CodeIgniter.php(494): CodeIgniter\CodeIgniter->runController(Object(App\Controllers\Home))
 6 SYSTEMPATH\CodeIgniter.php(353): CodeIgniter\CodeIgniter->handleRequest(null, Object(Config\Cache), false)
 7 FCPATH\index.php(79): CodeIgniter\CodeIgniter->run()
 8 SYSTEMPATH\Commands\Server\rewrite.php(47): require_once('E:\\xampp\\htdocs\\saran\\public\\index.php')
CRITICAL - 2023-10-18 16:23:25 --> Invalid file: "v_murid.php"
in SYSTEMPATH\Exceptions\FrameworkException.php on line 39.
 1 SYSTEMPATH\View\View.php(214): CodeIgniter\Exceptions\FrameworkException::forInvalidFile('v_murid.php')
 2 SYSTEMPATH\Common.php(1188): CodeIgniter\View\View->render('v_murid', [], true)
 3 APPPATH\Controllers\Home.php(30): view('v_murid', [...])
 4 SYSTEMPATH\CodeIgniter.php(919): App\Controllers\Home->murid()
 5 SYSTEMPATH\CodeIgniter.php(494): CodeIgniter\CodeIgniter->runController(Object(App\Controllers\Home))
 6 SYSTEMPATH\CodeIgniter.php(353): CodeIgniter\CodeIgniter->handleRequest(null, Object(Config\Cache), false)
 7 FCPATH\index.php(79): CodeIgniter\CodeIgniter->run()
 8 SYSTEMPATH\Commands\Server\rewrite.php(47): require_once('E:\\xampp\\htdocs\\saran\\public\\index.php')
