CRITICAL - 2024-01-24 03:15:32 --> You must set the database table to be used with your query.
in SYSTEMPATH\Database\BaseConnection.php on line 883.
 1 SYSTEMPATH\Model.php(635): CodeIgniter\Database\BaseConnection->table(null)
 2 SYSTEMPATH\Model.php(863): CodeIgniter\Model->builder()
 3 APPPATH\Views\portofolio.php(122): CodeIgniter\Model->__call('getComment', [...])
 4 SYSTEMPATH\View\View.php(226): include('C:\\Users\\Administrator\\Desktop\\galeri\\app\\Views\\portofolio.php')
 5 SYSTEMPATH\View\View.php(229): CodeIgniter\View\View->CodeIgniter\View\{closure}()
 6 SYSTEMPATH\Common.php(1188): CodeIgniter\View\View->render('portofolio', [], true)
 7 APPPATH\Controllers\Home.php(79): view('portofolio', [...])
 8 SYSTEMPATH\CodeIgniter.php(919): App\Controllers\Home->portofolio('8')
 9 SYSTEMPATH\CodeIgniter.php(494): CodeIgniter\CodeIgniter->runController(Object(App\Controllers\Home))
10 SYSTEMPATH\CodeIgniter.php(353): CodeIgniter\CodeIgniter->handleRequest(null, Object(Config\Cache), false)
11 FCPATH\index.php(79): CodeIgniter\CodeIgniter->run()
12 SYSTEMPATH\Commands\Server\rewrite.php(47): require_once('C:\\Users\\Administrator\\Desktop\\galeri\\public\\index.php')
CRITICAL - 2024-01-24 03:16:22 --> You must set the database table to be used with your query.
in SYSTEMPATH\Database\BaseConnection.php on line 883.
 1 SYSTEMPATH\Model.php(635): CodeIgniter\Database\BaseConnection->table(null)
 2 SYSTEMPATH\Model.php(863): CodeIgniter\Model->builder()
 3 APPPATH\Views\portofolio.php(122): CodeIgniter\Model->__call('getComment', [...])
 4 SYSTEMPATH\View\View.php(226): include('C:\\Users\\Administrator\\Desktop\\galeri\\app\\Views\\portofolio.php')
 5 SYSTEMPATH\View\View.php(229): CodeIgniter\View\View->CodeIgniter\View\{closure}()
 6 SYSTEMPATH\Common.php(1188): CodeIgniter\View\View->render('portofolio', [], true)
 7 APPPATH\Controllers\Home.php(79): view('portofolio', [...])
 8 SYSTEMPATH\CodeIgniter.php(919): App\Controllers\Home->portofolio('8')
 9 SYSTEMPATH\CodeIgniter.php(494): CodeIgniter\CodeIgniter->runController(Object(App\Controllers\Home))
10 SYSTEMPATH\CodeIgniter.php(353): CodeIgniter\CodeIgniter->handleRequest(null, Object(Config\Cache), false)
11 FCPATH\index.php(79): CodeIgniter\CodeIgniter->run()
12 SYSTEMPATH\Commands\Server\rewrite.php(47): require_once('C:\\Users\\Administrator\\Desktop\\galeri\\public\\index.php')
CRITICAL - 2024-01-24 03:16:42 --> You must set the database table to be used with your query.
in SYSTEMPATH\Database\BaseConnection.php on line 883.
 1 SYSTEMPATH\Model.php(635): CodeIgniter\Database\BaseConnection->table(null)
 2 SYSTEMPATH\Model.php(863): CodeIgniter\Model->builder()
 3 APPPATH\Views\portofolio.php(122): CodeIgniter\Model->__call('getComment', [...])
 4 SYSTEMPATH\View\View.php(226): include('C:\\Users\\Administrator\\Desktop\\galeri\\app\\Views\\portofolio.php')
 5 SYSTEMPATH\View\View.php(229): CodeIgniter\View\View->CodeIgniter\View\{closure}()
 6 SYSTEMPATH\Common.php(1188): CodeIgniter\View\View->render('portofolio', [], true)
 7 APPPATH\Controllers\Home.php(79): view('portofolio', [...])
 8 SYSTEMPATH\CodeIgniter.php(919): App\Controllers\Home->portofolio('8')
 9 SYSTEMPATH\CodeIgniter.php(494): CodeIgniter\CodeIgniter->runController(Object(App\Controllers\Home))
10 SYSTEMPATH\CodeIgniter.php(353): CodeIgniter\CodeIgniter->handleRequest(null, Object(Config\Cache), false)
11 FCPATH\index.php(79): CodeIgniter\CodeIgniter->run()
12 SYSTEMPATH\Commands\Server\rewrite.php(47): require_once('C:\\Users\\Administrator\\Desktop\\galeri\\public\\index.php')
CRITICAL - 2024-01-24 03:24:49 --> syntax error, unexpected 'use' (T_USE)
in APPPATH\Views\portofolio.php on line 130.
 1 SYSTEMPATH\View\View.php(229): CodeIgniter\View\View->CodeIgniter\View\{closure}()
 2 SYSTEMPATH\Common.php(1188): CodeIgniter\View\View->render('portofolio', [], true)
 3 APPPATH\Controllers\Home.php(79): view('portofolio', [...])
 4 SYSTEMPATH\CodeIgniter.php(919): App\Controllers\Home->portofolio('8')
 5 SYSTEMPATH\CodeIgniter.php(494): CodeIgniter\CodeIgniter->runController(Object(App\Controllers\Home))
 6 SYSTEMPATH\CodeIgniter.php(353): CodeIgniter\CodeIgniter->handleRequest(null, Object(Config\Cache), false)
 7 FCPATH\index.php(79): CodeIgniter\CodeIgniter->run()
 8 SYSTEMPATH\Commands\Server\rewrite.php(47): require_once('C:\\Users\\Administrator\\Desktop\\galeri\\public\\index.php')
