CRITICAL - 2024-01-23 01:42:23 --> syntax error, unexpected token "<<", expecting "function" or "const"
in APPPATH\Controllers\Home.php on line 12.
 1 SYSTEMPATH\Router\Router.php(512): CodeIgniter\Router\AutoRouter->getRoute('home/dashboard', 'get')
 2 SYSTEMPATH\Router\Router.php(208): CodeIgniter\Router\Router->autoRoute('home/dashboard')
 3 SYSTEMPATH\CodeIgniter.php(800): CodeIgniter\Router\Router->handle('home/dashboard')
 4 SYSTEMPATH\CodeIgniter.php(442): CodeIgniter\CodeIgniter->tryToRouteIt(Object(CodeIgniter\Router\RouteCollection))
 5 SYSTEMPATH\CodeIgniter.php(353): CodeIgniter\CodeIgniter->handleRequest(null, Object(Config\Cache), false)
 6 FCPATH\index.php(79): CodeIgniter\CodeIgniter->run()
 7 SYSTEMPATH\Commands\Server\rewrite.php(47): require_once('C:\\Users\\PC-7\\Documents\\galeriphoto\\public\\index.php')
ERROR - 2024-01-23 01:43:49 --> Error connecting to the database: mysqli_sql_exception: Unknown database 'gallery' in C:\Users\PC-7\Documents\galeriphoto\system\Database\MySQLi\Connection.php:184
Stack trace:
#0 C:\Users\PC-7\Documents\galeriphoto\system\Database\MySQLi\Connection.php(184): mysqli->real_connect('127.0.0.1', 'root', Object(SensitiveParameterValue), 'gallery', 3306, '', 0)
#1 C:\Users\PC-7\Documents\galeriphoto\system\Database\BaseConnection.php(391): CodeIgniter\Database\MySQLi\Connection->connect(false)
#2 C:\Users\PC-7\Documents\galeriphoto\system\Database\BaseConnection.php(574): CodeIgniter\Database\BaseConnection->initialize()
#3 C:\Users\PC-7\Documents\galeriphoto\system\Database\BaseBuilder.php(1748): CodeIgniter\Database\BaseConnection->query('SELECT *\nFROM `...', Array, false)
#4 C:\Users\PC-7\Documents\galeriphoto\app\Models\M_Model.php(31): CodeIgniter\Database\BaseBuilder->getWhere(Array)
#5 C:\Users\PC-7\Documents\galeriphoto\app\Controllers\Home.php(71): App\Models\M_model->getWhere2('user', Array)
#6 C:\Users\PC-7\Documents\galeriphoto\system\CodeIgniter.php(919): App\Controllers\Home->aksi_login()
#7 C:\Users\PC-7\Documents\galeriphoto\system\CodeIgniter.php(494): CodeIgniter\CodeIgniter->runController(Object(App\Controllers\Home))
#8 C:\Users\PC-7\Documents\galeriphoto\system\CodeIgniter.php(353): CodeIgniter\CodeIgniter->handleRequest(NULL, Object(Config\Cache), false)
#9 C:\Users\PC-7\Documents\galeriphoto\public\index.php(79): CodeIgniter\CodeIgniter->run()
#10 C:\Users\PC-7\Documents\galeriphoto\system\Commands\Server\rewrite.php(47): require_once('C:\\Users\\PC-7\\D...')
#11 {main}

Next CodeIgniter\Database\Exceptions\DatabaseException: Unknown database 'gallery' in C:\Users\PC-7\Documents\galeriphoto\system\Database\MySQLi\Connection.php:229
Stack trace:
#0 C:\Users\PC-7\Documents\galeriphoto\system\Database\BaseConnection.php(391): CodeIgniter\Database\MySQLi\Connection->connect(false)
#1 C:\Users\PC-7\Documents\galeriphoto\system\Database\BaseConnection.php(574): CodeIgniter\Database\BaseConnection->initialize()
#2 C:\Users\PC-7\Documents\galeriphoto\system\Database\BaseBuilder.php(1748): CodeIgniter\Database\BaseConnection->query('SELECT *\nFROM `...', Array, false)
#3 C:\Users\PC-7\Documents\galeriphoto\app\Models\M_Model.php(31): CodeIgniter\Database\BaseBuilder->getWhere(Array)
#4 C:\Users\PC-7\Documents\galeriphoto\app\Controllers\Home.php(71): App\Models\M_model->getWhere2('user', Array)
#5 C:\Users\PC-7\Documents\galeriphoto\system\CodeIgniter.php(919): App\Controllers\Home->aksi_login()
#6 C:\Users\PC-7\Documents\galeriphoto\system\CodeIgniter.php(494): CodeIgniter\CodeIgniter->runController(Object(App\Controllers\Home))
#7 C:\Users\PC-7\Documents\galeriphoto\system\CodeIgniter.php(353): CodeIgniter\CodeIgniter->handleRequest(NULL, Object(Config\Cache), false)
#8 C:\Users\PC-7\Documents\galeriphoto\public\index.php(79): CodeIgniter\CodeIgniter->run()
#9 C:\Users\PC-7\Documents\galeriphoto\system\Commands\Server\rewrite.php(47): require_once('C:\\Users\\PC-7\\D...')
#10 {main}
CRITICAL - 2024-01-23 01:43:49 --> Unable to connect to the database.
Main connection [MySQLi]: Unknown database 'gallery'
in SYSTEMPATH\Database\BaseConnection.php on line 427.
 1 SYSTEMPATH\Database\BaseConnection.php(574): CodeIgniter\Database\BaseConnection->initialize()
 2 SYSTEMPATH\Database\BaseBuilder.php(1748): CodeIgniter\Database\BaseConnection->query('SELECT *
FROM `user`
WHERE `username` = :username:
AND `password` = :password:', [...], false)
 3 APPPATH\Models\M_Model.php(31): CodeIgniter\Database\BaseBuilder->getWhere([...])
 4 APPPATH\Controllers\Home.php(71): App\Models\M_model->getWhere2('user', [...])
 5 SYSTEMPATH\CodeIgniter.php(919): App\Controllers\Home->aksi_login()
 6 SYSTEMPATH\CodeIgniter.php(494): CodeIgniter\CodeIgniter->runController(Object(App\Controllers\Home))
 7 SYSTEMPATH\CodeIgniter.php(353): CodeIgniter\CodeIgniter->handleRequest(null, Object(Config\Cache), false)
 8 FCPATH\index.php(79): CodeIgniter\CodeIgniter->run()
 9 SYSTEMPATH\Commands\Server\rewrite.php(47): require_once('C:\\Users\\PC-7\\Documents\\galeriphoto\\public\\index.php')
CRITICAL - 2024-01-23 02:12:16 --> Invalid file: "portolio.php"
in SYSTEMPATH\Exceptions\FrameworkException.php on line 39.
 1 SYSTEMPATH\View\View.php(214): CodeIgniter\Exceptions\FrameworkException::forInvalidFile('portolio.php')
 2 SYSTEMPATH\Common.php(1188): CodeIgniter\View\View->render('portolio', [], true)
 3 APPPATH\Controllers\Home.php(37): view('portolio')
 4 SYSTEMPATH\CodeIgniter.php(919): App\Controllers\Home->portofolio()
 5 SYSTEMPATH\CodeIgniter.php(494): CodeIgniter\CodeIgniter->runController(Object(App\Controllers\Home))
 6 SYSTEMPATH\CodeIgniter.php(353): CodeIgniter\CodeIgniter->handleRequest(null, Object(Config\Cache), false)
 7 FCPATH\index.php(79): CodeIgniter\CodeIgniter->run()
 8 SYSTEMPATH\Commands\Server\rewrite.php(47): require_once('C:\\Users\\PC-7\\Documents\\galeriphoto\\public\\index.php')
CRITICAL - 2024-01-23 02:13:09 --> Invalid file: "portolio.php"
in SYSTEMPATH\Exceptions\FrameworkException.php on line 39.
 1 SYSTEMPATH\View\View.php(214): CodeIgniter\Exceptions\FrameworkException::forInvalidFile('portolio.php')
 2 SYSTEMPATH\Common.php(1188): CodeIgniter\View\View->render('portolio', [], true)
 3 APPPATH\Controllers\Home.php(37): view('portolio')
 4 SYSTEMPATH\CodeIgniter.php(919): App\Controllers\Home->portofolio()
 5 SYSTEMPATH\CodeIgniter.php(494): CodeIgniter\CodeIgniter->runController(Object(App\Controllers\Home))
 6 SYSTEMPATH\CodeIgniter.php(353): CodeIgniter\CodeIgniter->handleRequest(null, Object(Config\Cache), false)
 7 FCPATH\index.php(79): CodeIgniter\CodeIgniter->run()
 8 SYSTEMPATH\Commands\Server\rewrite.php(47): require_once('C:\\Users\\PC-7\\Documents\\galeriphoto\\public\\index.php')
CRITICAL - 2024-01-23 06:34:10 --> Invalid argument supplied for foreach()
in APPPATH\Views\portofolio.php on line 154.
 1 APPPATH\Views\portofolio.php(154): CodeIgniter\Debug\Exceptions->errorHandler(2, 'Invalid argument supplied for foreach()', 'C:\\Users\\Administrator\\Desktop\\galeri\\app\\Views\\portofolio.php', 154, [])
 2 SYSTEMPATH\View\View.php(226): include('C:\\Users\\Administrator\\Desktop\\galeri\\app\\Views\\portofolio.php')
 3 SYSTEMPATH\View\View.php(229): CodeIgniter\View\View->CodeIgniter\View\{closure}()
 4 SYSTEMPATH\Common.php(1188): CodeIgniter\View\View->render('portofolio', [], true)
 5 APPPATH\Controllers\Home.php(37): view('portofolio')
 6 SYSTEMPATH\CodeIgniter.php(919): App\Controllers\Home->portofolio()
 7 SYSTEMPATH\CodeIgniter.php(494): CodeIgniter\CodeIgniter->runController(Object(App\Controllers\Home))
 8 SYSTEMPATH\CodeIgniter.php(353): CodeIgniter\CodeIgniter->handleRequest(null, Object(Config\Cache), false)
 9 FCPATH\index.php(79): CodeIgniter\CodeIgniter->run()
10 SYSTEMPATH\Commands\Server\rewrite.php(47): require_once('C:\\Users\\Administrator\\Desktop\\galeri\\public\\index.php')
CRITICAL - 2024-01-23 06:35:55 --> Invalid argument supplied for foreach()
in APPPATH\Views\portofolio.php on line 154.
 1 APPPATH\Views\portofolio.php(154): CodeIgniter\Debug\Exceptions->errorHandler(2, 'Invalid argument supplied for foreach()', 'C:\\Users\\Administrator\\Desktop\\galeri\\app\\Views\\portofolio.php', 154, [])
 2 SYSTEMPATH\View\View.php(226): include('C:\\Users\\Administrator\\Desktop\\galeri\\app\\Views\\portofolio.php')
 3 SYSTEMPATH\View\View.php(229): CodeIgniter\View\View->CodeIgniter\View\{closure}()
 4 SYSTEMPATH\Common.php(1188): CodeIgniter\View\View->render('portofolio', [], true)
 5 APPPATH\Controllers\Home.php(37): view('portofolio')
 6 SYSTEMPATH\CodeIgniter.php(919): App\Controllers\Home->portofolio()
 7 SYSTEMPATH\CodeIgniter.php(494): CodeIgniter\CodeIgniter->runController(Object(App\Controllers\Home))
 8 SYSTEMPATH\CodeIgniter.php(353): CodeIgniter\CodeIgniter->handleRequest(null, Object(Config\Cache), false)
 9 FCPATH\index.php(79): CodeIgniter\CodeIgniter->run()
10 SYSTEMPATH\Commands\Server\rewrite.php(47): require_once('C:\\Users\\Administrator\\Desktop\\galeri\\public\\index.php')
CRITICAL - 2024-01-23 06:35:56 --> Invalid argument supplied for foreach()
in APPPATH\Views\portofolio.php on line 154.
 1 APPPATH\Views\portofolio.php(154): CodeIgniter\Debug\Exceptions->errorHandler(2, 'Invalid argument supplied for foreach()', 'C:\\Users\\Administrator\\Desktop\\galeri\\app\\Views\\portofolio.php', 154, [])
 2 SYSTEMPATH\View\View.php(226): include('C:\\Users\\Administrator\\Desktop\\galeri\\app\\Views\\portofolio.php')
 3 SYSTEMPATH\View\View.php(229): CodeIgniter\View\View->CodeIgniter\View\{closure}()
 4 SYSTEMPATH\Common.php(1188): CodeIgniter\View\View->render('portofolio', [], true)
 5 APPPATH\Controllers\Home.php(37): view('portofolio')
 6 SYSTEMPATH\CodeIgniter.php(919): App\Controllers\Home->portofolio()
 7 SYSTEMPATH\CodeIgniter.php(494): CodeIgniter\CodeIgniter->runController(Object(App\Controllers\Home))
 8 SYSTEMPATH\CodeIgniter.php(353): CodeIgniter\CodeIgniter->handleRequest(null, Object(Config\Cache), false)
 9 FCPATH\index.php(79): CodeIgniter\CodeIgniter->run()
10 SYSTEMPATH\Commands\Server\rewrite.php(47): require_once('C:\\Users\\Administrator\\Desktop\\galeri\\public\\index.php')
CRITICAL - 2024-01-23 06:35:56 --> Invalid argument supplied for foreach()
in APPPATH\Views\portofolio.php on line 154.
 1 APPPATH\Views\portofolio.php(154): CodeIgniter\Debug\Exceptions->errorHandler(2, 'Invalid argument supplied for foreach()', 'C:\\Users\\Administrator\\Desktop\\galeri\\app\\Views\\portofolio.php', 154, [])
 2 SYSTEMPATH\View\View.php(226): include('C:\\Users\\Administrator\\Desktop\\galeri\\app\\Views\\portofolio.php')
 3 SYSTEMPATH\View\View.php(229): CodeIgniter\View\View->CodeIgniter\View\{closure}()
 4 SYSTEMPATH\Common.php(1188): CodeIgniter\View\View->render('portofolio', [], true)
 5 APPPATH\Controllers\Home.php(37): view('portofolio')
 6 SYSTEMPATH\CodeIgniter.php(919): App\Controllers\Home->portofolio()
 7 SYSTEMPATH\CodeIgniter.php(494): CodeIgniter\CodeIgniter->runController(Object(App\Controllers\Home))
 8 SYSTEMPATH\CodeIgniter.php(353): CodeIgniter\CodeIgniter->handleRequest(null, Object(Config\Cache), false)
 9 FCPATH\index.php(79): CodeIgniter\CodeIgniter->run()
10 SYSTEMPATH\Commands\Server\rewrite.php(47): require_once('C:\\Users\\Administrator\\Desktop\\galeri\\public\\index.php')
CRITICAL - 2024-01-23 06:35:56 --> Invalid argument supplied for foreach()
in APPPATH\Views\portofolio.php on line 154.
 1 APPPATH\Views\portofolio.php(154): CodeIgniter\Debug\Exceptions->errorHandler(2, 'Invalid argument supplied for foreach()', 'C:\\Users\\Administrator\\Desktop\\galeri\\app\\Views\\portofolio.php', 154, [])
 2 SYSTEMPATH\View\View.php(226): include('C:\\Users\\Administrator\\Desktop\\galeri\\app\\Views\\portofolio.php')
 3 SYSTEMPATH\View\View.php(229): CodeIgniter\View\View->CodeIgniter\View\{closure}()
 4 SYSTEMPATH\Common.php(1188): CodeIgniter\View\View->render('portofolio', [], true)
 5 APPPATH\Controllers\Home.php(37): view('portofolio')
 6 SYSTEMPATH\CodeIgniter.php(919): App\Controllers\Home->portofolio()
 7 SYSTEMPATH\CodeIgniter.php(494): CodeIgniter\CodeIgniter->runController(Object(App\Controllers\Home))
 8 SYSTEMPATH\CodeIgniter.php(353): CodeIgniter\CodeIgniter->handleRequest(null, Object(Config\Cache), false)
 9 FCPATH\index.php(79): CodeIgniter\CodeIgniter->run()
10 SYSTEMPATH\Commands\Server\rewrite.php(47): require_once('C:\\Users\\Administrator\\Desktop\\galeri\\public\\index.php')
CRITICAL - 2024-01-23 06:35:56 --> Invalid argument supplied for foreach()
in APPPATH\Views\portofolio.php on line 154.
 1 APPPATH\Views\portofolio.php(154): CodeIgniter\Debug\Exceptions->errorHandler(2, 'Invalid argument supplied for foreach()', 'C:\\Users\\Administrator\\Desktop\\galeri\\app\\Views\\portofolio.php', 154, [])
 2 SYSTEMPATH\View\View.php(226): include('C:\\Users\\Administrator\\Desktop\\galeri\\app\\Views\\portofolio.php')
 3 SYSTEMPATH\View\View.php(229): CodeIgniter\View\View->CodeIgniter\View\{closure}()
 4 SYSTEMPATH\Common.php(1188): CodeIgniter\View\View->render('portofolio', [], true)
 5 APPPATH\Controllers\Home.php(37): view('portofolio')
 6 SYSTEMPATH\CodeIgniter.php(919): App\Controllers\Home->portofolio()
 7 SYSTEMPATH\CodeIgniter.php(494): CodeIgniter\CodeIgniter->runController(Object(App\Controllers\Home))
 8 SYSTEMPATH\CodeIgniter.php(353): CodeIgniter\CodeIgniter->handleRequest(null, Object(Config\Cache), false)
 9 FCPATH\index.php(79): CodeIgniter\CodeIgniter->run()
10 SYSTEMPATH\Commands\Server\rewrite.php(47): require_once('C:\\Users\\Administrator\\Desktop\\galeri\\public\\index.php')
CRITICAL - 2024-01-23 06:35:56 --> Invalid argument supplied for foreach()
in APPPATH\Views\portofolio.php on line 154.
 1 APPPATH\Views\portofolio.php(154): CodeIgniter\Debug\Exceptions->errorHandler(2, 'Invalid argument supplied for foreach()', 'C:\\Users\\Administrator\\Desktop\\galeri\\app\\Views\\portofolio.php', 154, [])
 2 SYSTEMPATH\View\View.php(226): include('C:\\Users\\Administrator\\Desktop\\galeri\\app\\Views\\portofolio.php')
 3 SYSTEMPATH\View\View.php(229): CodeIgniter\View\View->CodeIgniter\View\{closure}()
 4 SYSTEMPATH\Common.php(1188): CodeIgniter\View\View->render('portofolio', [], true)
 5 APPPATH\Controllers\Home.php(37): view('portofolio')
 6 SYSTEMPATH\CodeIgniter.php(919): App\Controllers\Home->portofolio()
 7 SYSTEMPATH\CodeIgniter.php(494): CodeIgniter\CodeIgniter->runController(Object(App\Controllers\Home))
 8 SYSTEMPATH\CodeIgniter.php(353): CodeIgniter\CodeIgniter->handleRequest(null, Object(Config\Cache), false)
 9 FCPATH\index.php(79): CodeIgniter\CodeIgniter->run()
10 SYSTEMPATH\Commands\Server\rewrite.php(47): require_once('C:\\Users\\Administrator\\Desktop\\galeri\\public\\index.php')
CRITICAL - 2024-01-23 06:35:56 --> Invalid argument supplied for foreach()
in APPPATH\Views\portofolio.php on line 154.
 1 APPPATH\Views\portofolio.php(154): CodeIgniter\Debug\Exceptions->errorHandler(2, 'Invalid argument supplied for foreach()', 'C:\\Users\\Administrator\\Desktop\\galeri\\app\\Views\\portofolio.php', 154, [])
 2 SYSTEMPATH\View\View.php(226): include('C:\\Users\\Administrator\\Desktop\\galeri\\app\\Views\\portofolio.php')
 3 SYSTEMPATH\View\View.php(229): CodeIgniter\View\View->CodeIgniter\View\{closure}()
 4 SYSTEMPATH\Common.php(1188): CodeIgniter\View\View->render('portofolio', [], true)
 5 APPPATH\Controllers\Home.php(37): view('portofolio')
 6 SYSTEMPATH\CodeIgniter.php(919): App\Controllers\Home->portofolio()
 7 SYSTEMPATH\CodeIgniter.php(494): CodeIgniter\CodeIgniter->runController(Object(App\Controllers\Home))
 8 SYSTEMPATH\CodeIgniter.php(353): CodeIgniter\CodeIgniter->handleRequest(null, Object(Config\Cache), false)
 9 FCPATH\index.php(79): CodeIgniter\CodeIgniter->run()
10 SYSTEMPATH\Commands\Server\rewrite.php(47): require_once('C:\\Users\\Administrator\\Desktop\\galeri\\public\\index.php')
CRITICAL - 2024-01-23 06:35:56 --> Invalid argument supplied for foreach()
in APPPATH\Views\portofolio.php on line 154.
 1 APPPATH\Views\portofolio.php(154): CodeIgniter\Debug\Exceptions->errorHandler(2, 'Invalid argument supplied for foreach()', 'C:\\Users\\Administrator\\Desktop\\galeri\\app\\Views\\portofolio.php', 154, [])
 2 SYSTEMPATH\View\View.php(226): include('C:\\Users\\Administrator\\Desktop\\galeri\\app\\Views\\portofolio.php')
 3 SYSTEMPATH\View\View.php(229): CodeIgniter\View\View->CodeIgniter\View\{closure}()
 4 SYSTEMPATH\Common.php(1188): CodeIgniter\View\View->render('portofolio', [], true)
 5 APPPATH\Controllers\Home.php(37): view('portofolio')
 6 SYSTEMPATH\CodeIgniter.php(919): App\Controllers\Home->portofolio()
 7 SYSTEMPATH\CodeIgniter.php(494): CodeIgniter\CodeIgniter->runController(Object(App\Controllers\Home))
 8 SYSTEMPATH\CodeIgniter.php(353): CodeIgniter\CodeIgniter->handleRequest(null, Object(Config\Cache), false)
 9 FCPATH\index.php(79): CodeIgniter\CodeIgniter->run()
10 SYSTEMPATH\Commands\Server\rewrite.php(47): require_once('C:\\Users\\Administrator\\Desktop\\galeri\\public\\index.php')
CRITICAL - 2024-01-23 06:35:57 --> Invalid argument supplied for foreach()
in APPPATH\Views\portofolio.php on line 154.
 1 APPPATH\Views\portofolio.php(154): CodeIgniter\Debug\Exceptions->errorHandler(2, 'Invalid argument supplied for foreach()', 'C:\\Users\\Administrator\\Desktop\\galeri\\app\\Views\\portofolio.php', 154, [])
 2 SYSTEMPATH\View\View.php(226): include('C:\\Users\\Administrator\\Desktop\\galeri\\app\\Views\\portofolio.php')
 3 SYSTEMPATH\View\View.php(229): CodeIgniter\View\View->CodeIgniter\View\{closure}()
 4 SYSTEMPATH\Common.php(1188): CodeIgniter\View\View->render('portofolio', [], true)
 5 APPPATH\Controllers\Home.php(37): view('portofolio')
 6 SYSTEMPATH\CodeIgniter.php(919): App\Controllers\Home->portofolio()
 7 SYSTEMPATH\CodeIgniter.php(494): CodeIgniter\CodeIgniter->runController(Object(App\Controllers\Home))
 8 SYSTEMPATH\CodeIgniter.php(353): CodeIgniter\CodeIgniter->handleRequest(null, Object(Config\Cache), false)
 9 FCPATH\index.php(79): CodeIgniter\CodeIgniter->run()
10 SYSTEMPATH\Commands\Server\rewrite.php(47): require_once('C:\\Users\\Administrator\\Desktop\\galeri\\public\\index.php')
ERROR - 2024-01-23 06:47:09 --> mysqli_sql_exception: Table 'gallery.description' doesn't exist in C:\Users\Administrator\Desktop\galeri\system\Database\MySQLi\Connection.php:306
Stack trace:
#0 C:\Users\Administrator\Desktop\galeri\system\Database\MySQLi\Connection.php(306): mysqli->query('INSERT INTO `de...', 0)
#1 C:\Users\Administrator\Desktop\galeri\system\Database\BaseConnection.php(692): CodeIgniter\Database\MySQLi\Connection->execute('INSERT INTO `de...')
#2 C:\Users\Administrator\Desktop\galeri\system\Database\BaseConnection.php(606): CodeIgniter\Database\BaseConnection->simpleQuery('INSERT INTO `de...')
#3 C:\Users\Administrator\Desktop\galeri\system\Database\BaseBuilder.php(2308): CodeIgniter\Database\BaseConnection->query('INSERT INTO `de...', Array, false)
#4 C:\Users\Administrator\Desktop\galeri\app\Models\M_Model.php(21): CodeIgniter\Database\BaseBuilder->insert(Array)
#5 C:\Users\Administrator\Desktop\galeri\app\Controllers\Home.php(86): App\Models\M_model->simpan('description', Array)
#6 C:\Users\Administrator\Desktop\galeri\system\CodeIgniter.php(919): App\Controllers\Home->aksi_upload()
#7 C:\Users\Administrator\Desktop\galeri\system\CodeIgniter.php(494): CodeIgniter\CodeIgniter->runController(Object(App\Controllers\Home))
#8 C:\Users\Administrator\Desktop\galeri\system\CodeIgniter.php(353): CodeIgniter\CodeIgniter->handleRequest(NULL, Object(Config\Cache), false)
#9 C:\Users\Administrator\Desktop\galeri\public\index.php(79): CodeIgniter\CodeIgniter->run()
#10 C:\Users\Administrator\Desktop\galeri\system\Commands\Server\rewrite.php(47): require_once('C:\\Users\\Admini...')
#11 {main}
ERROR - 2024-01-23 06:53:42 --> mysqli_sql_exception: Table 'gallery.description' doesn't exist in C:\Users\Administrator\Desktop\galeri\system\Database\MySQLi\Connection.php:306
Stack trace:
#0 C:\Users\Administrator\Desktop\galeri\system\Database\MySQLi\Connection.php(306): mysqli->query('INSERT INTO `de...', 0)
#1 C:\Users\Administrator\Desktop\galeri\system\Database\BaseConnection.php(692): CodeIgniter\Database\MySQLi\Connection->execute('INSERT INTO `de...')
#2 C:\Users\Administrator\Desktop\galeri\system\Database\BaseConnection.php(606): CodeIgniter\Database\BaseConnection->simpleQuery('INSERT INTO `de...')
#3 C:\Users\Administrator\Desktop\galeri\system\Database\BaseBuilder.php(2308): CodeIgniter\Database\BaseConnection->query('INSERT INTO `de...', Array, false)
#4 C:\Users\Administrator\Desktop\galeri\app\Models\M_Model.php(21): CodeIgniter\Database\BaseBuilder->insert(Array)
#5 C:\Users\Administrator\Desktop\galeri\app\Controllers\Home.php(85): App\Models\M_model->simpan('description', Array)
#6 C:\Users\Administrator\Desktop\galeri\system\CodeIgniter.php(919): App\Controllers\Home->aksi_upload()
#7 C:\Users\Administrator\Desktop\galeri\system\CodeIgniter.php(494): CodeIgniter\CodeIgniter->runController(Object(App\Controllers\Home))
#8 C:\Users\Administrator\Desktop\galeri\system\CodeIgniter.php(353): CodeIgniter\CodeIgniter->handleRequest(NULL, Object(Config\Cache), false)
#9 C:\Users\Administrator\Desktop\galeri\public\index.php(79): CodeIgniter\CodeIgniter->run()
#10 C:\Users\Administrator\Desktop\galeri\system\Commands\Server\rewrite.php(47): require_once('C:\\Users\\Admini...')
#11 {main}
ERROR - 2024-01-23 06:57:13 --> mysqli_sql_exception: Table 'gallery.description' doesn't exist in C:\Users\Administrator\Desktop\galeri\system\Database\MySQLi\Connection.php:306
Stack trace:
#0 C:\Users\Administrator\Desktop\galeri\system\Database\MySQLi\Connection.php(306): mysqli->query('INSERT INTO `de...', 0)
#1 C:\Users\Administrator\Desktop\galeri\system\Database\BaseConnection.php(692): CodeIgniter\Database\MySQLi\Connection->execute('INSERT INTO `de...')
#2 C:\Users\Administrator\Desktop\galeri\system\Database\BaseConnection.php(606): CodeIgniter\Database\BaseConnection->simpleQuery('INSERT INTO `de...')
#3 C:\Users\Administrator\Desktop\galeri\system\Database\BaseBuilder.php(2308): CodeIgniter\Database\BaseConnection->query('INSERT INTO `de...', Array, false)
#4 C:\Users\Administrator\Desktop\galeri\app\Models\M_Model.php(21): CodeIgniter\Database\BaseBuilder->insert(Array)
#5 C:\Users\Administrator\Desktop\galeri\app\Controllers\Home.php(85): App\Models\M_model->simpan('description', Array)
#6 C:\Users\Administrator\Desktop\galeri\system\CodeIgniter.php(919): App\Controllers\Home->aksi_upload()
#7 C:\Users\Administrator\Desktop\galeri\system\CodeIgniter.php(494): CodeIgniter\CodeIgniter->runController(Object(App\Controllers\Home))
#8 C:\Users\Administrator\Desktop\galeri\system\CodeIgniter.php(353): CodeIgniter\CodeIgniter->handleRequest(NULL, Object(Config\Cache), false)
#9 C:\Users\Administrator\Desktop\galeri\public\index.php(79): CodeIgniter\CodeIgniter->run()
#10 C:\Users\Administrator\Desktop\galeri\system\Commands\Server\rewrite.php(47): require_once('C:\\Users\\Admini...')
#11 {main}
ERROR - 2024-01-23 06:57:29 --> mysqli_sql_exception: Table 'gallery.description' doesn't exist in C:\Users\Administrator\Desktop\galeri\system\Database\MySQLi\Connection.php:306
Stack trace:
#0 C:\Users\Administrator\Desktop\galeri\system\Database\MySQLi\Connection.php(306): mysqli->query('INSERT INTO `de...', 0)
#1 C:\Users\Administrator\Desktop\galeri\system\Database\BaseConnection.php(692): CodeIgniter\Database\MySQLi\Connection->execute('INSERT INTO `de...')
#2 C:\Users\Administrator\Desktop\galeri\system\Database\BaseConnection.php(606): CodeIgniter\Database\BaseConnection->simpleQuery('INSERT INTO `de...')
#3 C:\Users\Administrator\Desktop\galeri\system\Database\BaseBuilder.php(2308): CodeIgniter\Database\BaseConnection->query('INSERT INTO `de...', Array, false)
#4 C:\Users\Administrator\Desktop\galeri\app\Models\M_Model.php(21): CodeIgniter\Database\BaseBuilder->insert(Array)
#5 C:\Users\Administrator\Desktop\galeri\app\Controllers\Home.php(85): App\Models\M_model->simpan('description', Array)
#6 C:\Users\Administrator\Desktop\galeri\system\CodeIgniter.php(919): App\Controllers\Home->aksi_upload()
#7 C:\Users\Administrator\Desktop\galeri\system\CodeIgniter.php(494): CodeIgniter\CodeIgniter->runController(Object(App\Controllers\Home))
#8 C:\Users\Administrator\Desktop\galeri\system\CodeIgniter.php(353): CodeIgniter\CodeIgniter->handleRequest(NULL, Object(Config\Cache), false)
#9 C:\Users\Administrator\Desktop\galeri\public\index.php(79): CodeIgniter\CodeIgniter->run()
#10 C:\Users\Administrator\Desktop\galeri\system\Commands\Server\rewrite.php(47): require_once('C:\\Users\\Admini...')
#11 {main}
ERROR - 2024-01-23 06:58:04 --> mysqli_sql_exception: Table 'gallery.description' doesn't exist in C:\Users\Administrator\Desktop\galeri\system\Database\MySQLi\Connection.php:306
Stack trace:
#0 C:\Users\Administrator\Desktop\galeri\system\Database\MySQLi\Connection.php(306): mysqli->query('INSERT INTO `de...', 0)
#1 C:\Users\Administrator\Desktop\galeri\system\Database\BaseConnection.php(692): CodeIgniter\Database\MySQLi\Connection->execute('INSERT INTO `de...')
#2 C:\Users\Administrator\Desktop\galeri\system\Database\BaseConnection.php(606): CodeIgniter\Database\BaseConnection->simpleQuery('INSERT INTO `de...')
#3 C:\Users\Administrator\Desktop\galeri\system\Database\BaseBuilder.php(2308): CodeIgniter\Database\BaseConnection->query('INSERT INTO `de...', Array, false)
#4 C:\Users\Administrator\Desktop\galeri\app\Models\M_Model.php(21): CodeIgniter\Database\BaseBuilder->insert(Array)
#5 C:\Users\Administrator\Desktop\galeri\app\Controllers\Home.php(95): App\Models\M_model->simpan('description', Array)
#6 C:\Users\Administrator\Desktop\galeri\system\CodeIgniter.php(919): App\Controllers\Home->aksi_upload()
#7 C:\Users\Administrator\Desktop\galeri\system\CodeIgniter.php(494): CodeIgniter\CodeIgniter->runController(Object(App\Controllers\Home))
#8 C:\Users\Administrator\Desktop\galeri\system\CodeIgniter.php(353): CodeIgniter\CodeIgniter->handleRequest(NULL, Object(Config\Cache), false)
#9 C:\Users\Administrator\Desktop\galeri\public\index.php(79): CodeIgniter\CodeIgniter->run()
#10 C:\Users\Administrator\Desktop\galeri\system\Commands\Server\rewrite.php(47): require_once('C:\\Users\\Admini...')
#11 {main}
CRITICAL - 2024-01-23 07:00:05 --> syntax error, unexpected 'try' (T_TRY)
in APPPATH\Controllers\Home.php on line 87.
 1 SYSTEMPATH\Router\Router.php(512): CodeIgniter\Router\AutoRouter->getRoute('home/upload', 'get')
 2 SYSTEMPATH\Router\Router.php(208): CodeIgniter\Router\Router->autoRoute('home/upload')
 3 SYSTEMPATH\CodeIgniter.php(800): CodeIgniter\Router\Router->handle('home/upload')
 4 SYSTEMPATH\CodeIgniter.php(442): CodeIgniter\CodeIgniter->tryToRouteIt(Object(CodeIgniter\Router\RouteCollection))
 5 SYSTEMPATH\CodeIgniter.php(353): CodeIgniter\CodeIgniter->handleRequest(null, Object(Config\Cache), false)
 6 FCPATH\index.php(79): CodeIgniter\CodeIgniter->run()
 7 SYSTEMPATH\Commands\Server\rewrite.php(47): require_once('C:\\Users\\Administrator\\Desktop\\galeri\\public\\index.php')
CRITICAL - 2024-01-23 07:00:08 --> syntax error, unexpected 'try' (T_TRY)
in APPPATH\Controllers\Home.php on line 87.
 1 SYSTEMPATH\Router\Router.php(512): CodeIgniter\Router\AutoRouter->getRoute('home/upload', 'get')
 2 SYSTEMPATH\Router\Router.php(208): CodeIgniter\Router\Router->autoRoute('home/upload')
 3 SYSTEMPATH\CodeIgniter.php(800): CodeIgniter\Router\Router->handle('home/upload')
 4 SYSTEMPATH\CodeIgniter.php(442): CodeIgniter\CodeIgniter->tryToRouteIt(Object(CodeIgniter\Router\RouteCollection))
 5 SYSTEMPATH\CodeIgniter.php(353): CodeIgniter\CodeIgniter->handleRequest(null, Object(Config\Cache), false)
 6 FCPATH\index.php(79): CodeIgniter\CodeIgniter->run()
 7 SYSTEMPATH\Commands\Server\rewrite.php(47): require_once('C:\\Users\\Administrator\\Desktop\\galeri\\public\\index.php')
ERROR - 2024-01-23 07:02:35 --> mysqli_sql_exception: Table 'gallery.photo' doesn't exist in C:\Users\Administrator\Desktop\galeri\system\Database\MySQLi\Connection.php:306
Stack trace:
#0 C:\Users\Administrator\Desktop\galeri\system\Database\MySQLi\Connection.php(306): mysqli->query('INSERT INTO `ph...', 0)
#1 C:\Users\Administrator\Desktop\galeri\system\Database\BaseConnection.php(692): CodeIgniter\Database\MySQLi\Connection->execute('INSERT INTO `ph...')
#2 C:\Users\Administrator\Desktop\galeri\system\Database\BaseConnection.php(606): CodeIgniter\Database\BaseConnection->simpleQuery('INSERT INTO `ph...')
#3 C:\Users\Administrator\Desktop\galeri\system\Database\BaseBuilder.php(2308): CodeIgniter\Database\BaseConnection->query('INSERT INTO `ph...', Array, false)
#4 C:\Users\Administrator\Desktop\galeri\app\Models\M_Model.php(21): CodeIgniter\Database\BaseBuilder->insert(Array)
#5 C:\Users\Administrator\Desktop\galeri\app\Controllers\Home.php(94): App\Models\M_model->simpan('photo', Array)
#6 C:\Users\Administrator\Desktop\galeri\system\CodeIgniter.php(919): App\Controllers\Home->aksi_upload()
#7 C:\Users\Administrator\Desktop\galeri\system\CodeIgniter.php(494): CodeIgniter\CodeIgniter->runController(Object(App\Controllers\Home))
#8 C:\Users\Administrator\Desktop\galeri\system\CodeIgniter.php(353): CodeIgniter\CodeIgniter->handleRequest(NULL, Object(Config\Cache), false)
#9 C:\Users\Administrator\Desktop\galeri\public\index.php(79): CodeIgniter\CodeIgniter->run()
#10 C:\Users\Administrator\Desktop\galeri\system\Commands\Server\rewrite.php(47): require_once('C:\\Users\\Admini...')
#11 {main}
ERROR - 2024-01-23 07:03:03 --> mysqli_sql_exception: Table 'gallery.description' doesn't exist in C:\Users\Administrator\Desktop\galeri\system\Database\MySQLi\Connection.php:306
Stack trace:
#0 C:\Users\Administrator\Desktop\galeri\system\Database\MySQLi\Connection.php(306): mysqli->query('INSERT INTO `de...', 0)
#1 C:\Users\Administrator\Desktop\galeri\system\Database\BaseConnection.php(692): CodeIgniter\Database\MySQLi\Connection->execute('INSERT INTO `de...')
#2 C:\Users\Administrator\Desktop\galeri\system\Database\BaseConnection.php(606): CodeIgniter\Database\BaseConnection->simpleQuery('INSERT INTO `de...')
#3 C:\Users\Administrator\Desktop\galeri\system\Database\BaseBuilder.php(2308): CodeIgniter\Database\BaseConnection->query('INSERT INTO `de...', Array, false)
#4 C:\Users\Administrator\Desktop\galeri\app\Models\M_Model.php(21): CodeIgniter\Database\BaseBuilder->insert(Array)
#5 C:\Users\Administrator\Desktop\galeri\app\Controllers\Home.php(85): App\Models\M_model->simpan('description', Array)
#6 C:\Users\Administrator\Desktop\galeri\system\CodeIgniter.php(919): App\Controllers\Home->aksi_upload()
#7 C:\Users\Administrator\Desktop\galeri\system\CodeIgniter.php(494): CodeIgniter\CodeIgniter->runController(Object(App\Controllers\Home))
#8 C:\Users\Administrator\Desktop\galeri\system\CodeIgniter.php(353): CodeIgniter\CodeIgniter->handleRequest(NULL, Object(Config\Cache), false)
#9 C:\Users\Administrator\Desktop\galeri\public\index.php(79): CodeIgniter\CodeIgniter->run()
#10 C:\Users\Administrator\Desktop\galeri\system\Commands\Server\rewrite.php(47): require_once('C:\\Users\\Admini...')
#11 {main}
ERROR - 2024-01-23 07:03:03 --> mysqli_sql_exception: Table 'gallery.photo' doesn't exist in C:\Users\Administrator\Desktop\galeri\system\Database\MySQLi\Connection.php:306
Stack trace:
#0 C:\Users\Administrator\Desktop\galeri\system\Database\MySQLi\Connection.php(306): mysqli->query('INSERT INTO `ph...', 0)
#1 C:\Users\Administrator\Desktop\galeri\system\Database\BaseConnection.php(692): CodeIgniter\Database\MySQLi\Connection->execute('INSERT INTO `ph...')
#2 C:\Users\Administrator\Desktop\galeri\system\Database\BaseConnection.php(606): CodeIgniter\Database\BaseConnection->simpleQuery('INSERT INTO `ph...')
#3 C:\Users\Administrator\Desktop\galeri\system\Database\BaseBuilder.php(2308): CodeIgniter\Database\BaseConnection->query('INSERT INTO `ph...', Array, false)
#4 C:\Users\Administrator\Desktop\galeri\app\Models\M_Model.php(21): CodeIgniter\Database\BaseBuilder->insert(Array)
#5 C:\Users\Administrator\Desktop\galeri\app\Controllers\Home.php(95): App\Models\M_model->simpan('photo', Array)
#6 C:\Users\Administrator\Desktop\galeri\system\CodeIgniter.php(919): App\Controllers\Home->aksi_upload()
#7 C:\Users\Administrator\Desktop\galeri\system\CodeIgniter.php(494): CodeIgniter\CodeIgniter->runController(Object(App\Controllers\Home))
#8 C:\Users\Administrator\Desktop\galeri\system\CodeIgniter.php(353): CodeIgniter\CodeIgniter->handleRequest(NULL, Object(Config\Cache), false)
#9 C:\Users\Administrator\Desktop\galeri\public\index.php(79): CodeIgniter\CodeIgniter->run()
#10 C:\Users\Administrator\Desktop\galeri\system\Commands\Server\rewrite.php(47): require_once('C:\\Users\\Admini...')
#11 {main}
CRITICAL - 2024-01-23 07:08:48 --> Call to a member function isValid() on null
in APPPATH\Controllers\Home.php on line 83.
 1 SYSTEMPATH\CodeIgniter.php(919): App\Controllers\Home->aksi_upload()
 2 SYSTEMPATH\CodeIgniter.php(494): CodeIgniter\CodeIgniter->runController(Object(App\Controllers\Home))
 3 SYSTEMPATH\CodeIgniter.php(353): CodeIgniter\CodeIgniter->handleRequest(null, Object(Config\Cache), false)
 4 FCPATH\index.php(79): CodeIgniter\CodeIgniter->run()
 5 SYSTEMPATH\Commands\Server\rewrite.php(47): require_once('C:\\Users\\Administrator\\Desktop\\galeri\\public\\index.php')
ERROR - 2024-01-23 07:10:43 --> mysqli_sql_exception: Unknown column 'photo' in 'field list' in C:\Users\Administrator\Desktop\galeri\system\Database\MySQLi\Connection.php:306
Stack trace:
#0 C:\Users\Administrator\Desktop\galeri\system\Database\MySQLi\Connection.php(306): mysqli->query('INSERT INTO `ph...', 0)
#1 C:\Users\Administrator\Desktop\galeri\system\Database\BaseConnection.php(692): CodeIgniter\Database\MySQLi\Connection->execute('INSERT INTO `ph...')
#2 C:\Users\Administrator\Desktop\galeri\system\Database\BaseConnection.php(606): CodeIgniter\Database\BaseConnection->simpleQuery('INSERT INTO `ph...')
#3 C:\Users\Administrator\Desktop\galeri\system\Database\BaseBuilder.php(2308): CodeIgniter\Database\BaseConnection->query('INSERT INTO `ph...', Array, false)
#4 C:\Users\Administrator\Desktop\galeri\app\Models\M_Model.php(21): CodeIgniter\Database\BaseBuilder->insert(Array)
#5 C:\Users\Administrator\Desktop\galeri\app\Controllers\Home.php(97): App\Models\M_model->simpan('photos', Array)
#6 C:\Users\Administrator\Desktop\galeri\system\CodeIgniter.php(919): App\Controllers\Home->aksi_upload()
#7 C:\Users\Administrator\Desktop\galeri\system\CodeIgniter.php(494): CodeIgniter\CodeIgniter->runController(Object(App\Controllers\Home))
#8 C:\Users\Administrator\Desktop\galeri\system\CodeIgniter.php(353): CodeIgniter\CodeIgniter->handleRequest(NULL, Object(Config\Cache), false)
#9 C:\Users\Administrator\Desktop\galeri\public\index.php(79): CodeIgniter\CodeIgniter->run()
#10 C:\Users\Administrator\Desktop\galeri\system\Commands\Server\rewrite.php(47): require_once('C:\\Users\\Admini...')
#11 {main}
CRITICAL - 2024-01-23 07:11:24 --> Call to a member function isValid() on null
in APPPATH\Controllers\Home.php on line 83.
 1 SYSTEMPATH\CodeIgniter.php(919): App\Controllers\Home->aksi_upload()
 2 SYSTEMPATH\CodeIgniter.php(494): CodeIgniter\CodeIgniter->runController(Object(App\Controllers\Home))
 3 SYSTEMPATH\CodeIgniter.php(353): CodeIgniter\CodeIgniter->handleRequest(null, Object(Config\Cache), false)
 4 FCPATH\index.php(79): CodeIgniter\CodeIgniter->run()
 5 SYSTEMPATH\Commands\Server\rewrite.php(47): require_once('C:\\Users\\Administrator\\Desktop\\galeri\\public\\index.php')
CRITICAL - 2024-01-23 07:21:05 --> Cannot use object of type stdClass as array
in APPPATH\Views\portofolio.php on line 130.
 1 SYSTEMPATH\View\View.php(226): include()
 2 SYSTEMPATH\View\View.php(229): CodeIgniter\View\View->CodeIgniter\View\{closure}()
 3 SYSTEMPATH\Common.php(1188): CodeIgniter\View\View->render('portofolio', [], true)
 4 APPPATH\Controllers\Home.php(39): view('portofolio', [...])
 5 SYSTEMPATH\CodeIgniter.php(919): App\Controllers\Home->portofolio()
 6 SYSTEMPATH\CodeIgniter.php(494): CodeIgniter\CodeIgniter->runController(Object(App\Controllers\Home))
 7 SYSTEMPATH\CodeIgniter.php(353): CodeIgniter\CodeIgniter->handleRequest(null, Object(Config\Cache), false)
 8 FCPATH\index.php(79): CodeIgniter\CodeIgniter->run()
 9 SYSTEMPATH\Commands\Server\rewrite.php(47): require_once('C:\\Users\\Administrator\\Desktop\\galeri\\public\\index.php')
CRITICAL - 2024-01-23 07:21:24 --> Cannot use object of type stdClass as array
in APPPATH\Views\portofolio.php on line 130.
 1 SYSTEMPATH\View\View.php(226): include()
 2 SYSTEMPATH\View\View.php(229): CodeIgniter\View\View->CodeIgniter\View\{closure}()
 3 SYSTEMPATH\Common.php(1188): CodeIgniter\View\View->render('portofolio', [], true)
 4 APPPATH\Controllers\Home.php(39): view('portofolio', [...])
 5 SYSTEMPATH\CodeIgniter.php(919): App\Controllers\Home->portofolio()
 6 SYSTEMPATH\CodeIgniter.php(494): CodeIgniter\CodeIgniter->runController(Object(App\Controllers\Home))
 7 SYSTEMPATH\CodeIgniter.php(353): CodeIgniter\CodeIgniter->handleRequest(null, Object(Config\Cache), false)
 8 FCPATH\index.php(79): CodeIgniter\CodeIgniter->run()
 9 SYSTEMPATH\Commands\Server\rewrite.php(47): require_once('C:\\Users\\Administrator\\Desktop\\galeri\\public\\index.php')
CRITICAL - 2024-01-23 07:21:24 --> Cannot use object of type stdClass as array
in APPPATH\Views\portofolio.php on line 130.
 1 SYSTEMPATH\View\View.php(226): include()
 2 SYSTEMPATH\View\View.php(229): CodeIgniter\View\View->CodeIgniter\View\{closure}()
 3 SYSTEMPATH\Common.php(1188): CodeIgniter\View\View->render('portofolio', [], true)
 4 APPPATH\Controllers\Home.php(39): view('portofolio', [...])
 5 SYSTEMPATH\CodeIgniter.php(919): App\Controllers\Home->portofolio()
 6 SYSTEMPATH\CodeIgniter.php(494): CodeIgniter\CodeIgniter->runController(Object(App\Controllers\Home))
 7 SYSTEMPATH\CodeIgniter.php(353): CodeIgniter\CodeIgniter->handleRequest(null, Object(Config\Cache), false)
 8 FCPATH\index.php(79): CodeIgniter\CodeIgniter->run()
 9 SYSTEMPATH\Commands\Server\rewrite.php(47): require_once('C:\\Users\\Administrator\\Desktop\\galeri\\public\\index.php')
CRITICAL - 2024-01-23 07:22:51 --> Cannot use object of type stdClass as array
in APPPATH\Views\portofolio.php on line 131.
 1 SYSTEMPATH\View\View.php(226): include()
 2 SYSTEMPATH\View\View.php(229): CodeIgniter\View\View->CodeIgniter\View\{closure}()
 3 SYSTEMPATH\Common.php(1188): CodeIgniter\View\View->render('portofolio', [], true)
 4 APPPATH\Controllers\Home.php(39): view('portofolio', [...])
 5 SYSTEMPATH\CodeIgniter.php(919): App\Controllers\Home->portofolio()
 6 SYSTEMPATH\CodeIgniter.php(494): CodeIgniter\CodeIgniter->runController(Object(App\Controllers\Home))
 7 SYSTEMPATH\CodeIgniter.php(353): CodeIgniter\CodeIgniter->handleRequest(null, Object(Config\Cache), false)
 8 FCPATH\index.php(79): CodeIgniter\CodeIgniter->run()
 9 SYSTEMPATH\Commands\Server\rewrite.php(47): require_once('C:\\Users\\Administrator\\Desktop\\galeri\\public\\index.php')
CRITICAL - 2024-01-23 07:22:51 --> Cannot use object of type stdClass as array
in APPPATH\Views\portofolio.php on line 131.
 1 SYSTEMPATH\View\View.php(226): include()
 2 SYSTEMPATH\View\View.php(229): CodeIgniter\View\View->CodeIgniter\View\{closure}()
 3 SYSTEMPATH\Common.php(1188): CodeIgniter\View\View->render('portofolio', [], true)
 4 APPPATH\Controllers\Home.php(39): view('portofolio', [...])
 5 SYSTEMPATH\CodeIgniter.php(919): App\Controllers\Home->portofolio()
 6 SYSTEMPATH\CodeIgniter.php(494): CodeIgniter\CodeIgniter->runController(Object(App\Controllers\Home))
 7 SYSTEMPATH\CodeIgniter.php(353): CodeIgniter\CodeIgniter->handleRequest(null, Object(Config\Cache), false)
 8 FCPATH\index.php(79): CodeIgniter\CodeIgniter->run()
 9 SYSTEMPATH\Commands\Server\rewrite.php(47): require_once('C:\\Users\\Administrator\\Desktop\\galeri\\public\\index.php')
CRITICAL - 2024-01-23 10:43:03 --> Invalid argument supplied for foreach()
in APPPATH\Views\gallery.php on line 118.
 1 APPPATH\Views\gallery.php(118): CodeIgniter\Debug\Exceptions->errorHandler(2, 'Invalid argument supplied for foreach()', 'C:\\Users\\Administrator\\Desktop\\galeri\\app\\Views\\gallery.php', 118, [...])
 2 SYSTEMPATH\View\View.php(226): include('C:\\Users\\Administrator\\Desktop\\galeri\\app\\Views\\gallery.php')
 3 SYSTEMPATH\View\View.php(229): CodeIgniter\View\View->CodeIgniter\View\{closure}()
 4 SYSTEMPATH\Common.php(1188): CodeIgniter\View\View->render('gallery', [], true)
 5 APPPATH\Controllers\Home.php(32): view('gallery', [...])
 6 SYSTEMPATH\CodeIgniter.php(919): App\Controllers\Home->gallery()
 7 SYSTEMPATH\CodeIgniter.php(494): CodeIgniter\CodeIgniter->runController(Object(App\Controllers\Home))
 8 SYSTEMPATH\CodeIgniter.php(353): CodeIgniter\CodeIgniter->handleRequest(null, Object(Config\Cache), false)
 9 FCPATH\index.php(79): CodeIgniter\CodeIgniter->run()
10 SYSTEMPATH\Commands\Server\rewrite.php(47): require_once('C:\\Users\\Administrator\\Desktop\\galeri\\public\\index.php')
CRITICAL - 2024-01-23 12:54:57 --> count(): Parameter must be an array or an object that implements Countable
in APPPATH\Views\portofolio.php on line 147.
 1 APPPATH\Views\portofolio.php(147): CodeIgniter\Debug\Exceptions->errorHandler(2, 'count(): Parameter must be an array or an object that implements Countable', 'C:\\Users\\Administrator\\Desktop\\galeri\\app\\Views\\portofolio.php', 147, [...])
 2 SYSTEMPATH\View\View.php(226): include('C:\\Users\\Administrator\\Desktop\\galeri\\app\\Views\\portofolio.php')
 3 SYSTEMPATH\View\View.php(229): CodeIgniter\View\View->CodeIgniter\View\{closure}()
 4 SYSTEMPATH\Common.php(1188): CodeIgniter\View\View->render('portofolio', [], true)
 5 APPPATH\Controllers\Home.php(49): view('portofolio', [...])
 6 SYSTEMPATH\CodeIgniter.php(919): App\Controllers\Home->portofolio()
 7 SYSTEMPATH\CodeIgniter.php(494): CodeIgniter\CodeIgniter->runController(Object(App\Controllers\Home))
 8 SYSTEMPATH\CodeIgniter.php(353): CodeIgniter\CodeIgniter->handleRequest(null, Object(Config\Cache), false)
 9 FCPATH\index.php(79): CodeIgniter\CodeIgniter->run()
10 SYSTEMPATH\Commands\Server\rewrite.php(47): require_once('C:\\Users\\Administrator\\Desktop\\galeri\\public\\index.php')
CRITICAL - 2024-01-23 12:54:58 --> count(): Parameter must be an array or an object that implements Countable
in APPPATH\Views\portofolio.php on line 147.
 1 APPPATH\Views\portofolio.php(147): CodeIgniter\Debug\Exceptions->errorHandler(2, 'count(): Parameter must be an array or an object that implements Countable', 'C:\\Users\\Administrator\\Desktop\\galeri\\app\\Views\\portofolio.php', 147, [...])
 2 SYSTEMPATH\View\View.php(226): include('C:\\Users\\Administrator\\Desktop\\galeri\\app\\Views\\portofolio.php')
 3 SYSTEMPATH\View\View.php(229): CodeIgniter\View\View->CodeIgniter\View\{closure}()
 4 SYSTEMPATH\Common.php(1188): CodeIgniter\View\View->render('portofolio', [], true)
 5 APPPATH\Controllers\Home.php(49): view('portofolio', [...])
 6 SYSTEMPATH\CodeIgniter.php(919): App\Controllers\Home->portofolio()
 7 SYSTEMPATH\CodeIgniter.php(494): CodeIgniter\CodeIgniter->runController(Object(App\Controllers\Home))
 8 SYSTEMPATH\CodeIgniter.php(353): CodeIgniter\CodeIgniter->handleRequest(null, Object(Config\Cache), false)
 9 FCPATH\index.php(79): CodeIgniter\CodeIgniter->run()
10 SYSTEMPATH\Commands\Server\rewrite.php(47): require_once('C:\\Users\\Administrator\\Desktop\\galeri\\public\\index.php')
ERROR - 2024-01-23 13:00:40 --> mysqli_sql_exception: Unknown column 'likes.photo_id' in 'on clause' in C:\Users\Administrator\Desktop\galeri\system\Database\MySQLi\Connection.php:306
Stack trace:
#0 C:\Users\Administrator\Desktop\galeri\system\Database\MySQLi\Connection.php(306): mysqli->query('SELECT `photos`...', 0)
#1 C:\Users\Administrator\Desktop\galeri\system\Database\BaseConnection.php(692): CodeIgniter\Database\MySQLi\Connection->execute('SELECT `photos`...')
#2 C:\Users\Administrator\Desktop\galeri\system\Database\BaseConnection.php(606): CodeIgniter\Database\BaseConnection->simpleQuery('SELECT `photos`...')
#3 C:\Users\Administrator\Desktop\galeri\system\Database\BaseBuilder.php(1615): CodeIgniter\Database\BaseConnection->query('SELECT `photos`...', Array, false)
#4 C:\Users\Administrator\Desktop\galeri\system\Model.php(237): CodeIgniter\Database\BaseBuilder->get()
#5 C:\Users\Administrator\Desktop\galeri\system\BaseModel.php(624): CodeIgniter\Model->doFindAll(0, 0)
#6 C:\Users\Administrator\Desktop\galeri\app\Models\M_Model.php(32): CodeIgniter\BaseModel->findAll()
#7 C:\Users\Administrator\Desktop\galeri\app\Controllers\Home.php(48): App\Models\M_model->getPhotosWithLikes()
#8 C:\Users\Administrator\Desktop\galeri\system\CodeIgniter.php(919): App\Controllers\Home->portofolio()
#9 C:\Users\Administrator\Desktop\galeri\system\CodeIgniter.php(494): CodeIgniter\CodeIgniter->runController(Object(App\Controllers\Home))
#10 C:\Users\Administrator\Desktop\galeri\system\CodeIgniter.php(353): CodeIgniter\CodeIgniter->handleRequest(NULL, Object(Config\Cache), false)
#11 C:\Users\Administrator\Desktop\galeri\public\index.php(79): CodeIgniter\CodeIgniter->run()
#12 C:\Users\Administrator\Desktop\galeri\system\Commands\Server\rewrite.php(47): require_once('C:\\Users\\Admini...')
#13 {main}
CRITICAL - 2024-01-23 13:00:40 --> Call to a member function getResult() on bool
in SYSTEMPATH\Model.php on line 238.
 1 SYSTEMPATH\BaseModel.php(624): CodeIgniter\Model->doFindAll(0, 0)
 2 APPPATH\Models\M_Model.php(32): CodeIgniter\BaseModel->findAll()
 3 APPPATH\Controllers\Home.php(48): App\Models\M_model->getPhotosWithLikes()
 4 SYSTEMPATH\CodeIgniter.php(919): App\Controllers\Home->portofolio()
 5 SYSTEMPATH\CodeIgniter.php(494): CodeIgniter\CodeIgniter->runController(Object(App\Controllers\Home))
 6 SYSTEMPATH\CodeIgniter.php(353): CodeIgniter\CodeIgniter->handleRequest(null, Object(Config\Cache), false)
 7 FCPATH\index.php(79): CodeIgniter\CodeIgniter->run()
 8 SYSTEMPATH\Commands\Server\rewrite.php(47): require_once('C:\\Users\\Administrator\\Desktop\\galeri\\public\\index.php')
ERROR - 2024-01-23 13:02:41 --> mysqli_sql_exception: Unknown column 'likes.photo_id' in 'on clause' in C:\Users\Administrator\Desktop\galeri\system\Database\MySQLi\Connection.php:306
Stack trace:
#0 C:\Users\Administrator\Desktop\galeri\system\Database\MySQLi\Connection.php(306): mysqli->query('SELECT `photos`...', 0)
#1 C:\Users\Administrator\Desktop\galeri\system\Database\BaseConnection.php(692): CodeIgniter\Database\MySQLi\Connection->execute('SELECT `photos`...')
#2 C:\Users\Administrator\Desktop\galeri\system\Database\BaseConnection.php(606): CodeIgniter\Database\BaseConnection->simpleQuery('SELECT `photos`...')
#3 C:\Users\Administrator\Desktop\galeri\system\Database\BaseBuilder.php(1615): CodeIgniter\Database\BaseConnection->query('SELECT `photos`...', Array, false)
#4 C:\Users\Administrator\Desktop\galeri\system\Model.php(237): CodeIgniter\Database\BaseBuilder->get()
#5 C:\Users\Administrator\Desktop\galeri\system\BaseModel.php(624): CodeIgniter\Model->doFindAll(0, 0)
#6 C:\Users\Administrator\Desktop\galeri\app\Models\M_Model.php(32): CodeIgniter\BaseModel->findAll()
#7 C:\Users\Administrator\Desktop\galeri\app\Controllers\Home.php(48): App\Models\M_model->getPhotosWithLikes()
#8 C:\Users\Administrator\Desktop\galeri\system\CodeIgniter.php(919): App\Controllers\Home->portofolio()
#9 C:\Users\Administrator\Desktop\galeri\system\CodeIgniter.php(494): CodeIgniter\CodeIgniter->runController(Object(App\Controllers\Home))
#10 C:\Users\Administrator\Desktop\galeri\system\CodeIgniter.php(353): CodeIgniter\CodeIgniter->handleRequest(NULL, Object(Config\Cache), false)
#11 C:\Users\Administrator\Desktop\galeri\public\index.php(79): CodeIgniter\CodeIgniter->run()
#12 C:\Users\Administrator\Desktop\galeri\system\Commands\Server\rewrite.php(47): require_once('C:\\Users\\Admini...')
#13 {main}
CRITICAL - 2024-01-23 13:02:41 --> Call to a member function getResult() on bool
in SYSTEMPATH\Model.php on line 238.
 1 SYSTEMPATH\BaseModel.php(624): CodeIgniter\Model->doFindAll(0, 0)
 2 APPPATH\Models\M_Model.php(32): CodeIgniter\BaseModel->findAll()
 3 APPPATH\Controllers\Home.php(48): App\Models\M_model->getPhotosWithLikes()
 4 SYSTEMPATH\CodeIgniter.php(919): App\Controllers\Home->portofolio()
 5 SYSTEMPATH\CodeIgniter.php(494): CodeIgniter\CodeIgniter->runController(Object(App\Controllers\Home))
 6 SYSTEMPATH\CodeIgniter.php(353): CodeIgniter\CodeIgniter->handleRequest(null, Object(Config\Cache), false)
 7 FCPATH\index.php(79): CodeIgniter\CodeIgniter->run()
 8 SYSTEMPATH\Commands\Server\rewrite.php(47): require_once('C:\\Users\\Administrator\\Desktop\\galeri\\public\\index.php')
ERROR - 2024-01-23 13:02:42 --> mysqli_sql_exception: Unknown column 'likes.photo_id' in 'on clause' in C:\Users\Administrator\Desktop\galeri\system\Database\MySQLi\Connection.php:306
Stack trace:
#0 C:\Users\Administrator\Desktop\galeri\system\Database\MySQLi\Connection.php(306): mysqli->query('SELECT `photos`...', 0)
#1 C:\Users\Administrator\Desktop\galeri\system\Database\BaseConnection.php(692): CodeIgniter\Database\MySQLi\Connection->execute('SELECT `photos`...')
#2 C:\Users\Administrator\Desktop\galeri\system\Database\BaseConnection.php(606): CodeIgniter\Database\BaseConnection->simpleQuery('SELECT `photos`...')
#3 C:\Users\Administrator\Desktop\galeri\system\Database\BaseBuilder.php(1615): CodeIgniter\Database\BaseConnection->query('SELECT `photos`...', Array, false)
#4 C:\Users\Administrator\Desktop\galeri\system\Model.php(237): CodeIgniter\Database\BaseBuilder->get()
#5 C:\Users\Administrator\Desktop\galeri\system\BaseModel.php(624): CodeIgniter\Model->doFindAll(0, 0)
#6 C:\Users\Administrator\Desktop\galeri\app\Models\M_Model.php(32): CodeIgniter\BaseModel->findAll()
#7 C:\Users\Administrator\Desktop\galeri\app\Controllers\Home.php(48): App\Models\M_model->getPhotosWithLikes()
#8 C:\Users\Administrator\Desktop\galeri\system\CodeIgniter.php(919): App\Controllers\Home->portofolio()
#9 C:\Users\Administrator\Desktop\galeri\system\CodeIgniter.php(494): CodeIgniter\CodeIgniter->runController(Object(App\Controllers\Home))
#10 C:\Users\Administrator\Desktop\galeri\system\CodeIgniter.php(353): CodeIgniter\CodeIgniter->handleRequest(NULL, Object(Config\Cache), false)
#11 C:\Users\Administrator\Desktop\galeri\public\index.php(79): CodeIgniter\CodeIgniter->run()
#12 C:\Users\Administrator\Desktop\galeri\system\Commands\Server\rewrite.php(47): require_once('C:\\Users\\Admini...')
#13 {main}
CRITICAL - 2024-01-23 13:02:42 --> Call to a member function getResult() on bool
in SYSTEMPATH\Model.php on line 238.
 1 SYSTEMPATH\BaseModel.php(624): CodeIgniter\Model->doFindAll(0, 0)
 2 APPPATH\Models\M_Model.php(32): CodeIgniter\BaseModel->findAll()
 3 APPPATH\Controllers\Home.php(48): App\Models\M_model->getPhotosWithLikes()
 4 SYSTEMPATH\CodeIgniter.php(919): App\Controllers\Home->portofolio()
 5 SYSTEMPATH\CodeIgniter.php(494): CodeIgniter\CodeIgniter->runController(Object(App\Controllers\Home))
 6 SYSTEMPATH\CodeIgniter.php(353): CodeIgniter\CodeIgniter->handleRequest(null, Object(Config\Cache), false)
 7 FCPATH\index.php(79): CodeIgniter\CodeIgniter->run()
 8 SYSTEMPATH\Commands\Server\rewrite.php(47): require_once('C:\\Users\\Administrator\\Desktop\\galeri\\public\\index.php')
ERROR - 2024-01-23 13:02:43 --> mysqli_sql_exception: Unknown column 'likes.photo_id' in 'on clause' in C:\Users\Administrator\Desktop\galeri\system\Database\MySQLi\Connection.php:306
Stack trace:
#0 C:\Users\Administrator\Desktop\galeri\system\Database\MySQLi\Connection.php(306): mysqli->query('SELECT `photos`...', 0)
#1 C:\Users\Administrator\Desktop\galeri\system\Database\BaseConnection.php(692): CodeIgniter\Database\MySQLi\Connection->execute('SELECT `photos`...')
#2 C:\Users\Administrator\Desktop\galeri\system\Database\BaseConnection.php(606): CodeIgniter\Database\BaseConnection->simpleQuery('SELECT `photos`...')
#3 C:\Users\Administrator\Desktop\galeri\system\Database\BaseBuilder.php(1615): CodeIgniter\Database\BaseConnection->query('SELECT `photos`...', Array, false)
#4 C:\Users\Administrator\Desktop\galeri\system\Model.php(237): CodeIgniter\Database\BaseBuilder->get()
#5 C:\Users\Administrator\Desktop\galeri\system\BaseModel.php(624): CodeIgniter\Model->doFindAll(0, 0)
#6 C:\Users\Administrator\Desktop\galeri\app\Models\M_Model.php(32): CodeIgniter\BaseModel->findAll()
#7 C:\Users\Administrator\Desktop\galeri\app\Controllers\Home.php(48): App\Models\M_model->getPhotosWithLikes()
#8 C:\Users\Administrator\Desktop\galeri\system\CodeIgniter.php(919): App\Controllers\Home->portofolio()
#9 C:\Users\Administrator\Desktop\galeri\system\CodeIgniter.php(494): CodeIgniter\CodeIgniter->runController(Object(App\Controllers\Home))
#10 C:\Users\Administrator\Desktop\galeri\system\CodeIgniter.php(353): CodeIgniter\CodeIgniter->handleRequest(NULL, Object(Config\Cache), false)
#11 C:\Users\Administrator\Desktop\galeri\public\index.php(79): CodeIgniter\CodeIgniter->run()
#12 C:\Users\Administrator\Desktop\galeri\system\Commands\Server\rewrite.php(47): require_once('C:\\Users\\Admini...')
#13 {main}
CRITICAL - 2024-01-23 13:02:43 --> Call to a member function getResult() on bool
in SYSTEMPATH\Model.php on line 238.
 1 SYSTEMPATH\BaseModel.php(624): CodeIgniter\Model->doFindAll(0, 0)
 2 APPPATH\Models\M_Model.php(32): CodeIgniter\BaseModel->findAll()
 3 APPPATH\Controllers\Home.php(48): App\Models\M_model->getPhotosWithLikes()
 4 SYSTEMPATH\CodeIgniter.php(919): App\Controllers\Home->portofolio()
 5 SYSTEMPATH\CodeIgniter.php(494): CodeIgniter\CodeIgniter->runController(Object(App\Controllers\Home))
 6 SYSTEMPATH\CodeIgniter.php(353): CodeIgniter\CodeIgniter->handleRequest(null, Object(Config\Cache), false)
 7 FCPATH\index.php(79): CodeIgniter\CodeIgniter->run()
 8 SYSTEMPATH\Commands\Server\rewrite.php(47): require_once('C:\\Users\\Administrator\\Desktop\\galeri\\public\\index.php')
CRITICAL - 2024-01-23 13:02:51 --> You must set the database table to be used with your query.
in SYSTEMPATH\Database\BaseConnection.php on line 883.
 1 SYSTEMPATH\Model.php(635): CodeIgniter\Database\BaseConnection->table(null)
 2 SYSTEMPATH\Model.php(863): CodeIgniter\Model->builder()
 3 APPPATH\Controllers\Home.php(48): CodeIgniter\Model->__call('getPhotosWithLikes', [])
 4 SYSTEMPATH\CodeIgniter.php(919): App\Controllers\Home->portofolio()
 5 SYSTEMPATH\CodeIgniter.php(494): CodeIgniter\CodeIgniter->runController(Object(App\Controllers\Home))
 6 SYSTEMPATH\CodeIgniter.php(353): CodeIgniter\CodeIgniter->handleRequest(null, Object(Config\Cache), false)
 7 FCPATH\index.php(79): CodeIgniter\CodeIgniter->run()
 8 SYSTEMPATH\Commands\Server\rewrite.php(47): require_once('C:\\Users\\Administrator\\Desktop\\galeri\\public\\index.php')
CRITICAL - 2024-01-23 13:03:23 --> You must set the database table to be used with your query.
in SYSTEMPATH\Database\BaseConnection.php on line 883.
 1 SYSTEMPATH\Model.php(635): CodeIgniter\Database\BaseConnection->table(null)
 2 SYSTEMPATH\Model.php(863): CodeIgniter\Model->builder()
 3 APPPATH\Controllers\Home.php(48): CodeIgniter\Model->__call('getPhotosWithLikes', [])
 4 SYSTEMPATH\CodeIgniter.php(919): App\Controllers\Home->portofolio()
 5 SYSTEMPATH\CodeIgniter.php(494): CodeIgniter\CodeIgniter->runController(Object(App\Controllers\Home))
 6 SYSTEMPATH\CodeIgniter.php(353): CodeIgniter\CodeIgniter->handleRequest(null, Object(Config\Cache), false)
 7 FCPATH\index.php(79): CodeIgniter\CodeIgniter->run()
 8 SYSTEMPATH\Commands\Server\rewrite.php(47): require_once('C:\\Users\\Administrator\\Desktop\\galeri\\public\\index.php')
CRITICAL - 2024-01-23 13:03:24 --> You must set the database table to be used with your query.
in SYSTEMPATH\Database\BaseConnection.php on line 883.
 1 SYSTEMPATH\Model.php(635): CodeIgniter\Database\BaseConnection->table(null)
 2 SYSTEMPATH\Model.php(863): CodeIgniter\Model->builder()
 3 APPPATH\Controllers\Home.php(48): CodeIgniter\Model->__call('getPhotosWithLikes', [])
 4 SYSTEMPATH\CodeIgniter.php(919): App\Controllers\Home->portofolio()
 5 SYSTEMPATH\CodeIgniter.php(494): CodeIgniter\CodeIgniter->runController(Object(App\Controllers\Home))
 6 SYSTEMPATH\CodeIgniter.php(353): CodeIgniter\CodeIgniter->handleRequest(null, Object(Config\Cache), false)
 7 FCPATH\index.php(79): CodeIgniter\CodeIgniter->run()
 8 SYSTEMPATH\Commands\Server\rewrite.php(47): require_once('C:\\Users\\Administrator\\Desktop\\galeri\\public\\index.php')
CRITICAL - 2024-01-23 14:12:14 --> Cannot use object of type stdClass as array
in APPPATH\Views\portofolio.php on line 147.
 1 SYSTEMPATH\View\View.php(226): include()
 2 SYSTEMPATH\View\View.php(229): CodeIgniter\View\View->CodeIgniter\View\{closure}()
 3 SYSTEMPATH\Common.php(1188): CodeIgniter\View\View->render('portofolio', [], true)
 4 APPPATH\Controllers\Home.php(82): view('portofolio', [...])
 5 SYSTEMPATH\CodeIgniter.php(919): App\Controllers\Home->portofolio()
 6 SYSTEMPATH\CodeIgniter.php(494): CodeIgniter\CodeIgniter->runController(Object(App\Controllers\Home))
 7 SYSTEMPATH\CodeIgniter.php(353): CodeIgniter\CodeIgniter->handleRequest(null, Object(Config\Cache), false)
 8 FCPATH\index.php(79): CodeIgniter\CodeIgniter->run()
 9 SYSTEMPATH\Commands\Server\rewrite.php(47): require_once('C:\\Users\\Administrator\\Desktop\\galeri\\public\\index.php')
CRITICAL - 2024-01-23 14:12:58 --> Cannot use object of type stdClass as array
in APPPATH\Views\portofolio.php on line 147.
 1 SYSTEMPATH\View\View.php(226): include()
 2 SYSTEMPATH\View\View.php(229): CodeIgniter\View\View->CodeIgniter\View\{closure}()
 3 SYSTEMPATH\Common.php(1188): CodeIgniter\View\View->render('portofolio', [], true)
 4 APPPATH\Controllers\Home.php(82): view('portofolio', [...])
 5 SYSTEMPATH\CodeIgniter.php(919): App\Controllers\Home->portofolio()
 6 SYSTEMPATH\CodeIgniter.php(494): CodeIgniter\CodeIgniter->runController(Object(App\Controllers\Home))
 7 SYSTEMPATH\CodeIgniter.php(353): CodeIgniter\CodeIgniter->handleRequest(null, Object(Config\Cache), false)
 8 FCPATH\index.php(79): CodeIgniter\CodeIgniter->run()
 9 SYSTEMPATH\Commands\Server\rewrite.php(47): require_once('C:\\Users\\Administrator\\Desktop\\galeri\\public\\index.php')
CRITICAL - 2024-01-23 14:12:58 --> Cannot use object of type stdClass as array
in APPPATH\Views\portofolio.php on line 147.
 1 SYSTEMPATH\View\View.php(226): include()
 2 SYSTEMPATH\View\View.php(229): CodeIgniter\View\View->CodeIgniter\View\{closure}()
 3 SYSTEMPATH\Common.php(1188): CodeIgniter\View\View->render('portofolio', [], true)
 4 APPPATH\Controllers\Home.php(82): view('portofolio', [...])
 5 SYSTEMPATH\CodeIgniter.php(919): App\Controllers\Home->portofolio()
 6 SYSTEMPATH\CodeIgniter.php(494): CodeIgniter\CodeIgniter->runController(Object(App\Controllers\Home))
 7 SYSTEMPATH\CodeIgniter.php(353): CodeIgniter\CodeIgniter->handleRequest(null, Object(Config\Cache), false)
 8 FCPATH\index.php(79): CodeIgniter\CodeIgniter->run()
 9 SYSTEMPATH\Commands\Server\rewrite.php(47): require_once('C:\\Users\\Administrator\\Desktop\\galeri\\public\\index.php')
CRITICAL - 2024-01-23 14:16:36 --> Cannot use object of type stdClass as array
in APPPATH\Views\portofolio.php on line 147.
 1 SYSTEMPATH\View\View.php(226): include()
 2 SYSTEMPATH\View\View.php(229): CodeIgniter\View\View->CodeIgniter\View\{closure}()
 3 SYSTEMPATH\Common.php(1188): CodeIgniter\View\View->render('portofolio', [...], true)
 4 APPPATH\Controllers\Home.php(84): view('portofolio', [...], [...])
 5 SYSTEMPATH\CodeIgniter.php(919): App\Controllers\Home->portofolio()
 6 SYSTEMPATH\CodeIgniter.php(494): CodeIgniter\CodeIgniter->runController(Object(App\Controllers\Home))
 7 SYSTEMPATH\CodeIgniter.php(353): CodeIgniter\CodeIgniter->handleRequest(null, Object(Config\Cache), false)
 8 FCPATH\index.php(79): CodeIgniter\CodeIgniter->run()
 9 SYSTEMPATH\Commands\Server\rewrite.php(47): require_once('C:\\Users\\Administrator\\Desktop\\galeri\\public\\index.php')
CRITICAL - 2024-01-23 14:16:36 --> Cannot use object of type stdClass as array
in APPPATH\Views\portofolio.php on line 147.
 1 SYSTEMPATH\View\View.php(226): include()
 2 SYSTEMPATH\View\View.php(229): CodeIgniter\View\View->CodeIgniter\View\{closure}()
 3 SYSTEMPATH\Common.php(1188): CodeIgniter\View\View->render('portofolio', [...], true)
 4 APPPATH\Controllers\Home.php(84): view('portofolio', [...], [...])
 5 SYSTEMPATH\CodeIgniter.php(919): App\Controllers\Home->portofolio()
 6 SYSTEMPATH\CodeIgniter.php(494): CodeIgniter\CodeIgniter->runController(Object(App\Controllers\Home))
 7 SYSTEMPATH\CodeIgniter.php(353): CodeIgniter\CodeIgniter->handleRequest(null, Object(Config\Cache), false)
 8 FCPATH\index.php(79): CodeIgniter\CodeIgniter->run()
 9 SYSTEMPATH\Commands\Server\rewrite.php(47): require_once('C:\\Users\\Administrator\\Desktop\\galeri\\public\\index.php')
CRITICAL - 2024-01-23 14:22:28 --> Argument 2 passed to view() must be of the type array, null given, called in C:\Users\Administrator\Desktop\galeri\app\Controllers\Home.php on line 89
in SYSTEMPATH\Common.php on line 1176.
 1 APPPATH\Controllers\Home.php(89): view('portofolio', null)
 2 SYSTEMPATH\CodeIgniter.php(919): App\Controllers\Home->portofolio()
 3 SYSTEMPATH\CodeIgniter.php(494): CodeIgniter\CodeIgniter->runController(Object(App\Controllers\Home))
 4 SYSTEMPATH\CodeIgniter.php(353): CodeIgniter\CodeIgniter->handleRequest(null, Object(Config\Cache), false)
 5 FCPATH\index.php(79): CodeIgniter\CodeIgniter->run()
 6 SYSTEMPATH\Commands\Server\rewrite.php(47): require_once('C:\\Users\\Administrator\\Desktop\\galeri\\public\\index.php')
CRITICAL - 2024-01-23 14:22:38 --> Invalid argument supplied for foreach()
in APPPATH\Views\portofolio.php on line 123.
 1 APPPATH\Views\portofolio.php(123): CodeIgniter\Debug\Exceptions->errorHandler(2, 'Invalid argument supplied for foreach()', 'C:\\Users\\Administrator\\Desktop\\galeri\\app\\Views\\portofolio.php', 123, [])
 2 SYSTEMPATH\View\View.php(226): include('C:\\Users\\Administrator\\Desktop\\galeri\\app\\Views\\portofolio.php')
 3 SYSTEMPATH\View\View.php(229): CodeIgniter\View\View->CodeIgniter\View\{closure}()
 4 SYSTEMPATH\Common.php(1188): CodeIgniter\View\View->render('portofolio', [], true)
 5 APPPATH\Controllers\Home.php(89): view('portofolio')
 6 SYSTEMPATH\CodeIgniter.php(919): App\Controllers\Home->portofolio()
 7 SYSTEMPATH\CodeIgniter.php(494): CodeIgniter\CodeIgniter->runController(Object(App\Controllers\Home))
 8 SYSTEMPATH\CodeIgniter.php(353): CodeIgniter\CodeIgniter->handleRequest(null, Object(Config\Cache), false)
 9 FCPATH\index.php(79): CodeIgniter\CodeIgniter->run()
10 SYSTEMPATH\Commands\Server\rewrite.php(47): require_once('C:\\Users\\Administrator\\Desktop\\galeri\\public\\index.php')
CRITICAL - 2024-01-23 14:22:53 --> Invalid argument supplied for foreach()
in SYSTEMPATH\Database\BaseBuilder.php on line 411.
 1 SYSTEMPATH\Database\BaseBuilder.php(411): CodeIgniter\Debug\Exceptions->errorHandler(2, 'Invalid argument supplied for foreach()', 'C:\\Users\\Administrator\\Desktop\\galeri\\system\\Database\\BaseBuilder.php', 411, [...])
 2 APPPATH\Models\M_Model.php(41): CodeIgniter\Database\BaseBuilder->select(null)
 3 APPPATH\Controllers\Home.php(85): App\Models\M_model->join2('photos', 'likes', null, null)
 4 SYSTEMPATH\CodeIgniter.php(919): App\Controllers\Home->portofolio()
 5 SYSTEMPATH\CodeIgniter.php(494): CodeIgniter\CodeIgniter->runController(Object(App\Controllers\Home))
 6 SYSTEMPATH\CodeIgniter.php(353): CodeIgniter\CodeIgniter->handleRequest(null, Object(Config\Cache), false)
 7 FCPATH\index.php(79): CodeIgniter\CodeIgniter->run()
 8 SYSTEMPATH\Commands\Server\rewrite.php(47): require_once('C:\\Users\\Administrator\\Desktop\\galeri\\public\\index.php')
CRITICAL - 2024-01-23 14:23:10 --> Invalid argument supplied for foreach()
in SYSTEMPATH\Database\BaseBuilder.php on line 411.
 1 SYSTEMPATH\Database\BaseBuilder.php(411): CodeIgniter\Debug\Exceptions->errorHandler(2, 'Invalid argument supplied for foreach()', 'C:\\Users\\Administrator\\Desktop\\galeri\\system\\Database\\BaseBuilder.php', 411, [...])
 2 APPPATH\Models\M_Model.php(41): CodeIgniter\Database\BaseBuilder->select(null)
 3 APPPATH\Controllers\Home.php(85): App\Models\M_model->join2('photos', 'likes', null, null)
 4 SYSTEMPATH\CodeIgniter.php(919): App\Controllers\Home->portofolio()
 5 SYSTEMPATH\CodeIgniter.php(494): CodeIgniter\CodeIgniter->runController(Object(App\Controllers\Home))
 6 SYSTEMPATH\CodeIgniter.php(353): CodeIgniter\CodeIgniter->handleRequest(null, Object(Config\Cache), false)
 7 FCPATH\index.php(79): CodeIgniter\CodeIgniter->run()
 8 SYSTEMPATH\Commands\Server\rewrite.php(47): require_once('C:\\Users\\Administrator\\Desktop\\galeri\\public\\index.php')
CRITICAL - 2024-01-23 14:23:11 --> Invalid argument supplied for foreach()
in SYSTEMPATH\Database\BaseBuilder.php on line 411.
 1 SYSTEMPATH\Database\BaseBuilder.php(411): CodeIgniter\Debug\Exceptions->errorHandler(2, 'Invalid argument supplied for foreach()', 'C:\\Users\\Administrator\\Desktop\\galeri\\system\\Database\\BaseBuilder.php', 411, [...])
 2 APPPATH\Models\M_Model.php(41): CodeIgniter\Database\BaseBuilder->select(null)
 3 APPPATH\Controllers\Home.php(85): App\Models\M_model->join2('photos', 'likes', null, null)
 4 SYSTEMPATH\CodeIgniter.php(919): App\Controllers\Home->portofolio()
 5 SYSTEMPATH\CodeIgniter.php(494): CodeIgniter\CodeIgniter->runController(Object(App\Controllers\Home))
 6 SYSTEMPATH\CodeIgniter.php(353): CodeIgniter\CodeIgniter->handleRequest(null, Object(Config\Cache), false)
 7 FCPATH\index.php(79): CodeIgniter\CodeIgniter->run()
 8 SYSTEMPATH\Commands\Server\rewrite.php(47): require_once('C:\\Users\\Administrator\\Desktop\\galeri\\public\\index.php')
